GAS LISTING /tmp/cc3oMFJw.s 			page 1


   1              		.file	"_new.cpp"
   2              		.option pic
   3              		.option norelax
   4              		.text
   5              	.Ltext0:
   6              		.align	2
   7              		.globl	_Znwm
   9              	_Znwm:
  10              	.LFB2:
  11              		.file 1 "src/_new.cpp"
   1:src/_new.cpp  **** #include "../h/MemoryAllocator.hpp"
   2:src/_new.cpp  **** #include "../h/syscall_c.h"
   3:src/_new.cpp  **** #include "../h/syscall_cpp.hpp"
   4:src/_new.cpp  **** 
   5:src/_new.cpp  **** 
   6:src/_new.cpp  **** void *operator new(size_t size) {
  12              		.loc 1 6 33
  13              		.cfi_startproc
  14              	.LVL0:
  15 0000 130101FF 		addi	sp,sp,-16
  16              		.cfi_def_cfa_offset 16
  17 0004 23341100 		sd	ra,8(sp)
  18 0008 23308100 		sd	s0,0(sp)
  19              		.cfi_offset 1, -8
  20              		.cfi_offset 8, -16
  21 000c 13040101 		addi	s0,sp,16
  22              		.cfi_def_cfa 8, 0
   7:src/_new.cpp  ****     return mem_alloc(size);
  23              		.loc 1 7 5
  24              		.loc 1 7 21 is_stmt 0
  25 0010 97000000 		call	_Z9mem_allocm@plt
  25      E7800000 
  26              	.LVL1:
   8:src/_new.cpp  **** }
  27              		.loc 1 8 1
  28 0018 83308100 		ld	ra,8(sp)
  29              		.cfi_restore 1
  30 001c 03340100 		ld	s0,0(sp)
  31              		.cfi_restore 8
  32              		.cfi_def_cfa 2, 16
  33 0020 13010101 		addi	sp,sp,16
  34              		.cfi_def_cfa_offset 0
  35 0024 67800000 		jr	ra
  36              		.cfi_endproc
  37              	.LFE2:
  39              		.align	2
  40              		.globl	_Znam
  42              	_Znam:
  43              	.LFB3:
   9:src/_new.cpp  **** 
  10:src/_new.cpp  **** void *operator new[](size_t size) {
  44              		.loc 1 10 35 is_stmt 1
  45              		.cfi_startproc
  46              	.LVL2:
  47 0028 130101FF 		addi	sp,sp,-16
  48              		.cfi_def_cfa_offset 16
  49 002c 23341100 		sd	ra,8(sp)
GAS LISTING /tmp/cc3oMFJw.s 			page 2


  50 0030 23308100 		sd	s0,0(sp)
  51              		.cfi_offset 1, -8
  52              		.cfi_offset 8, -16
  53 0034 13040101 		addi	s0,sp,16
  54              		.cfi_def_cfa 8, 0
  11:src/_new.cpp  ****     return mem_alloc(size);
  55              		.loc 1 11 5
  56              		.loc 1 11 21 is_stmt 0
  57 0038 97000000 		call	_Z9mem_allocm@plt
  57      E7800000 
  58              	.LVL3:
  12:src/_new.cpp  **** }
  59              		.loc 1 12 1
  60 0040 83308100 		ld	ra,8(sp)
  61              		.cfi_restore 1
  62 0044 03340100 		ld	s0,0(sp)
  63              		.cfi_restore 8
  64              		.cfi_def_cfa 2, 16
  65 0048 13010101 		addi	sp,sp,16
  66              		.cfi_def_cfa_offset 0
  67 004c 67800000 		jr	ra
  68              		.cfi_endproc
  69              	.LFE3:
  71              		.align	2
  72              		.globl	_ZdlPv
  74              	_ZdlPv:
  75              	.LFB4:
  13:src/_new.cpp  **** 
  14:src/_new.cpp  **** 
  15:src/_new.cpp  **** 
  16:src/_new.cpp  **** void operator delete(void *p)  noexcept {
  76              		.loc 1 16 41 is_stmt 1
  77              		.cfi_startproc
  78              		.cfi_personality 0x9b,DW.ref.__gxx_personality_v0
  79              		.cfi_lsda 0x1b,.LLSDA4
  80              	.LVL4:
  81 0050 130101FF 		addi	sp,sp,-16
  82              		.cfi_def_cfa_offset 16
  83 0054 23341100 		sd	ra,8(sp)
  84 0058 23308100 		sd	s0,0(sp)
  85              		.cfi_offset 1, -8
  86              		.cfi_offset 8, -16
  87 005c 13040101 		addi	s0,sp,16
  88              		.cfi_def_cfa 8, 0
  17:src/_new.cpp  ****     mem_free(p);
  89              		.loc 1 17 5
  90              		.loc 1 17 13 is_stmt 0
  91 0060 97000000 		call	_Z8mem_freePv@plt
  91      E7800000 
  92              	.LVL5:
  18:src/_new.cpp  **** }
  93              		.loc 1 18 1
  94 0068 83308100 		ld	ra,8(sp)
  95              		.cfi_restore 1
  96 006c 03340100 		ld	s0,0(sp)
  97              		.cfi_restore 8
  98              		.cfi_def_cfa 2, 16
GAS LISTING /tmp/cc3oMFJw.s 			page 3


  99 0070 13010101 		addi	sp,sp,16
 100              		.cfi_def_cfa_offset 0
 101 0074 67800000 		jr	ra
 102              		.cfi_endproc
 103              	.LFE4:
 104              		.globl	__gxx_personality_v0
 105              		.section	.gcc_except_table,"a",@progbits
 106              	.LLSDA4:
 107 0000 FF       		.byte	0xff
 108 0001 FF       		.byte	0xff
 109 0002 03       		.byte	0x3
 110 0003 00       		.byte	0
 111              		.text
 113              		.align	2
 114              		.globl	_ZdaPv
 116              	_ZdaPv:
 117              	.LFB5:
  19:src/_new.cpp  **** 
  20:src/_new.cpp  **** void operator delete[](void *p) noexcept
  21:src/_new.cpp  **** {
 118              		.loc 1 21 1 is_stmt 1
 119              		.cfi_startproc
 120              		.cfi_personality 0x9b,DW.ref.__gxx_personality_v0
 121              		.cfi_lsda 0x1b,.LLSDA5
 122              	.LVL6:
 123 0078 130101FF 		addi	sp,sp,-16
 124              		.cfi_def_cfa_offset 16
 125 007c 23341100 		sd	ra,8(sp)
 126 0080 23308100 		sd	s0,0(sp)
 127              		.cfi_offset 1, -8
 128              		.cfi_offset 8, -16
 129 0084 13040101 		addi	s0,sp,16
 130              		.cfi_def_cfa 8, 0
  22:src/_new.cpp  ****     mem_free(p);
 131              		.loc 1 22 5
 132              		.loc 1 22 13 is_stmt 0
 133 0088 97000000 		call	_Z8mem_freePv@plt
 133      E7800000 
 134              	.LVL7:
  23:src/_new.cpp  **** }
 135              		.loc 1 23 1
 136 0090 83308100 		ld	ra,8(sp)
 137              		.cfi_restore 1
 138 0094 03340100 		ld	s0,0(sp)
 139              		.cfi_restore 8
 140              		.cfi_def_cfa 2, 16
 141 0098 13010101 		addi	sp,sp,16
 142              		.cfi_def_cfa_offset 0
 143 009c 67800000 		jr	ra
 144              		.cfi_endproc
 145              	.LFE5:
 146              		.section	.gcc_except_table
 147              	.LLSDA5:
 148 0004 FF       		.byte	0xff
 149 0005 FF       		.byte	0xff
 150 0006 03       		.byte	0x3
 151 0007 00       		.byte	0
GAS LISTING /tmp/cc3oMFJw.s 			page 4


 152              		.text
 154              	.Letext0:
 155              		.file 2 "src/../h/../lib/hw.h"
 156              		.file 3 "src/../h/syscall_c.h"
 1011              		.align	3
 1014              	DW.ref.__gxx_personality_v0:
 1015 0000 00000000 		.dword	__gxx_personality_v0
 1015      00000000 
 1016              		.ident	"GCC: (Ubuntu 9.4.0-1ubuntu1~20.04) 9.4.0"
 1017              		.section	.note.GNU-stack,"",@progbits
GAS LISTING /tmp/cc3oMFJw.s 			page 5


DEFINED SYMBOLS
                            *ABS*:0000000000000000 _new.cpp
     /tmp/cc3oMFJw.s:9      .text:0000000000000000 _Znwm
     /tmp/cc3oMFJw.s:13     .text:0000000000000000 .L0 
     /tmp/cc3oMFJw.s:15     .text:0000000000000000 .L0 
     /tmp/cc3oMFJw.s:16     .text:0000000000000004 .L0 
     /tmp/cc3oMFJw.s:19     .text:000000000000000c .L0 
     /tmp/cc3oMFJw.s:20     .text:000000000000000c .L0 
     /tmp/cc3oMFJw.s:22     .text:0000000000000010 .L0 
     /tmp/cc3oMFJw.s:24     .text:0000000000000010 .L0 
     /tmp/cc3oMFJw.s:25     .text:0000000000000010 .L0 
     /tmp/cc3oMFJw.s:28     .text:0000000000000018 .L0 
     /tmp/cc3oMFJw.s:29     .text:000000000000001c .L0 
     /tmp/cc3oMFJw.s:31     .text:0000000000000020 .L0 
     /tmp/cc3oMFJw.s:32     .text:0000000000000020 .L0 
     /tmp/cc3oMFJw.s:34     .text:0000000000000024 .L0 
     /tmp/cc3oMFJw.s:36     .text:0000000000000028 .L0 
     /tmp/cc3oMFJw.s:42     .text:0000000000000028 _Znam
     /tmp/cc3oMFJw.s:45     .text:0000000000000028 .L0 
     /tmp/cc3oMFJw.s:47     .text:0000000000000028 .L0 
     /tmp/cc3oMFJw.s:48     .text:000000000000002c .L0 
     /tmp/cc3oMFJw.s:51     .text:0000000000000034 .L0 
     /tmp/cc3oMFJw.s:52     .text:0000000000000034 .L0 
     /tmp/cc3oMFJw.s:54     .text:0000000000000038 .L0 
     /tmp/cc3oMFJw.s:56     .text:0000000000000038 .L0 
     /tmp/cc3oMFJw.s:57     .text:0000000000000038 .L0 
     /tmp/cc3oMFJw.s:60     .text:0000000000000040 .L0 
     /tmp/cc3oMFJw.s:61     .text:0000000000000044 .L0 
     /tmp/cc3oMFJw.s:63     .text:0000000000000048 .L0 
     /tmp/cc3oMFJw.s:64     .text:0000000000000048 .L0 
     /tmp/cc3oMFJw.s:66     .text:000000000000004c .L0 
     /tmp/cc3oMFJw.s:68     .text:0000000000000050 .L0 
     /tmp/cc3oMFJw.s:74     .text:0000000000000050 _ZdlPv
     /tmp/cc3oMFJw.s:77     .text:0000000000000050 .L0 
     /tmp/cc3oMFJw.s:1014   .data.rel.local.DW.ref.__gxx_personality_v0:0000000000000000 DW.ref.__gxx_personality_v0
     /tmp/cc3oMFJw.s:81     .text:0000000000000050 .L0 
     /tmp/cc3oMFJw.s:82     .text:0000000000000054 .L0 
     /tmp/cc3oMFJw.s:85     .text:000000000000005c .L0 
     /tmp/cc3oMFJw.s:86     .text:000000000000005c .L0 
     /tmp/cc3oMFJw.s:88     .text:0000000000000060 .L0 
     /tmp/cc3oMFJw.s:90     .text:0000000000000060 .L0 
     /tmp/cc3oMFJw.s:91     .text:0000000000000060 .L0 
     /tmp/cc3oMFJw.s:94     .text:0000000000000068 .L0 
     /tmp/cc3oMFJw.s:95     .text:000000000000006c .L0 
     /tmp/cc3oMFJw.s:97     .text:0000000000000070 .L0 
     /tmp/cc3oMFJw.s:98     .text:0000000000000070 .L0 
     /tmp/cc3oMFJw.s:100    .text:0000000000000074 .L0 
     /tmp/cc3oMFJw.s:102    .text:0000000000000078 .L0 
     /tmp/cc3oMFJw.s:116    .text:0000000000000078 _ZdaPv
     /tmp/cc3oMFJw.s:119    .text:0000000000000078 .L0 
     /tmp/cc3oMFJw.s:123    .text:0000000000000078 .L0 
     /tmp/cc3oMFJw.s:124    .text:000000000000007c .L0 
     /tmp/cc3oMFJw.s:127    .text:0000000000000084 .L0 
     /tmp/cc3oMFJw.s:128    .text:0000000000000084 .L0 
     /tmp/cc3oMFJw.s:130    .text:0000000000000088 .L0 
     /tmp/cc3oMFJw.s:132    .text:0000000000000088 .L0 
     /tmp/cc3oMFJw.s:133    .text:0000000000000088 .L0 
GAS LISTING /tmp/cc3oMFJw.s 			page 6


     /tmp/cc3oMFJw.s:136    .text:0000000000000090 .L0 
     /tmp/cc3oMFJw.s:137    .text:0000000000000094 .L0 
     /tmp/cc3oMFJw.s:139    .text:0000000000000098 .L0 
     /tmp/cc3oMFJw.s:140    .text:0000000000000098 .L0 
     /tmp/cc3oMFJw.s:142    .text:000000000000009c .L0 
     /tmp/cc3oMFJw.s:144    .text:00000000000000a0 .L0 
     /tmp/cc3oMFJw.s:157    .text:00000000000000a0 .L0 
     /tmp/cc3oMFJw.s:550    .debug_abbrev:0000000000000000 .Ldebug_abbrev0
     /tmp/cc3oMFJw.s:952    .debug_str:0000000000000111 .LASF48
     /tmp/cc3oMFJw.s:928    .debug_str:0000000000000078 .LASF49
     /tmp/cc3oMFJw.s:978    .debug_str:0000000000000277 .LASF50
     /tmp/cc3oMFJw.s:5      .text:0000000000000000 .Ltext0
     /tmp/cc3oMFJw.s:154    .text:00000000000000a0 .Letext0
     /tmp/cc3oMFJw.s:904    .debug_line:0000000000000000 .Ldebug_line0
     /tmp/cc3oMFJw.s:962    .debug_str:000000000000020b .LASF0
     /tmp/cc3oMFJw.s:946    .debug_str:00000000000000e8 .LASF1
     /tmp/cc3oMFJw.s:938    .debug_str:00000000000000b9 .LASF2
     /tmp/cc3oMFJw.s:920    .debug_str:0000000000000051 .LASF4
     /tmp/cc3oMFJw.s:942    .debug_str:00000000000000cd .LASF3
     /tmp/cc3oMFJw.s:914    .debug_str:0000000000000031 .LASF5
     /tmp/cc3oMFJw.s:910    .debug_str:0000000000000017 .LASF6
     /tmp/cc3oMFJw.s:930    .debug_str:0000000000000085 .LASF7
     /tmp/cc3oMFJw.s:970    .debug_str:0000000000000238 .LASF8
     /tmp/cc3oMFJw.s:918    .debug_str:0000000000000043 .LASF9
     /tmp/cc3oMFJw.s:1006   .debug_str:0000000000000331 .LASF10
     /tmp/cc3oMFJw.s:932    .debug_str:0000000000000098 .LASF11
     /tmp/cc3oMFJw.s:990    .debug_str:00000000000002de .LASF12
     /tmp/cc3oMFJw.s:974    .debug_str:000000000000025e .LASF13
     /tmp/cc3oMFJw.s:948    .debug_str:00000000000000fb .LASF14
     /tmp/cc3oMFJw.s:924    .debug_str:000000000000005d .LASF15
     /tmp/cc3oMFJw.s:972    .debug_str:0000000000000248 .LASF16
     /tmp/cc3oMFJw.s:922    .debug_str:0000000000000058 .LASF17
     /tmp/cc3oMFJw.s:950    .debug_str:0000000000000107 .LASF18
     /tmp/cc3oMFJw.s:988    .debug_str:00000000000002d5 .LASF19
     /tmp/cc3oMFJw.s:954    .debug_str:00000000000001d5 .LASF20
     /tmp/cc3oMFJw.s:986    .debug_str:00000000000002c9 .LASF21
     /tmp/cc3oMFJw.s:980    .debug_str:000000000000029a .LASF22
     /tmp/cc3oMFJw.s:982    .debug_str:00000000000002aa .LASF23
     /tmp/cc3oMFJw.s:994    .debug_str:00000000000002f5 .LASF24
     /tmp/cc3oMFJw.s:958    .debug_str:00000000000001f1 .LASF25
     /tmp/cc3oMFJw.s:960    .debug_str:00000000000001fd .LASF26
     /tmp/cc3oMFJw.s:908    .debug_str:000000000000000e .LASF27
     /tmp/cc3oMFJw.s:1004   .debug_str:0000000000000327 .LASF28
     /tmp/cc3oMFJw.s:944    .debug_str:00000000000000df .LASF29
     /tmp/cc3oMFJw.s:968    .debug_str:000000000000022d .LASF30
     /tmp/cc3oMFJw.s:916    .debug_str:0000000000000038 .LASF31
     /tmp/cc3oMFJw.s:934    .debug_str:00000000000000a7 .LASF32
     /tmp/cc3oMFJw.s:926    .debug_str:0000000000000073 .LASF33
     /tmp/cc3oMFJw.s:966    .debug_str:0000000000000228 .LASF34
     /tmp/cc3oMFJw.s:984    .debug_str:00000000000002b6 .LASF35
     /tmp/cc3oMFJw.s:912    .debug_str:000000000000002a .LASF37
     /tmp/cc3oMFJw.s:117    .text:0000000000000078 .LFB5
     /tmp/cc3oMFJw.s:145    .text:00000000000000a0 .LFE5
     /tmp/cc3oMFJw.s:835    .debug_loc:0000000000000000 .LLST3
     /tmp/cc3oMFJw.s:134    .text:0000000000000090 .LVL7
     /tmp/cc3oMFJw.s:964    .debug_str:0000000000000218 .LASF36
     /tmp/cc3oMFJw.s:992    .debug_str:00000000000002ee .LASF38
GAS LISTING /tmp/cc3oMFJw.s 			page 7


     /tmp/cc3oMFJw.s:75     .text:0000000000000050 .LFB4
     /tmp/cc3oMFJw.s:103    .text:0000000000000078 .LFE4
     /tmp/cc3oMFJw.s:849    .debug_loc:0000000000000039 .LLST2
     /tmp/cc3oMFJw.s:92     .text:0000000000000068 .LVL5
     /tmp/cc3oMFJw.s:998    .debug_str:000000000000030c .LASF40
     /tmp/cc3oMFJw.s:940    .debug_str:00000000000000c7 .LASF42
     /tmp/cc3oMFJw.s:43     .text:0000000000000028 .LFB3
     /tmp/cc3oMFJw.s:69     .text:0000000000000050 .LFE3
     /tmp/cc3oMFJw.s:1000   .debug_str:000000000000031c .LASF39
     /tmp/cc3oMFJw.s:863    .debug_loc:0000000000000072 .LLST1
     /tmp/cc3oMFJw.s:58     .text:0000000000000040 .LVL3
     /tmp/cc3oMFJw.s:936    .debug_str:00000000000000ac .LASF41
     /tmp/cc3oMFJw.s:1002   .debug_str:0000000000000321 .LASF43
     /tmp/cc3oMFJw.s:10     .text:0000000000000000 .LFB2
     /tmp/cc3oMFJw.s:37     .text:0000000000000028 .LFE2
     /tmp/cc3oMFJw.s:877    .debug_loc:00000000000000ab .LLST0
     /tmp/cc3oMFJw.s:26     .text:0000000000000018 .LVL1
     /tmp/cc3oMFJw.s:906    .debug_str:0000000000000000 .LASF44
     /tmp/cc3oMFJw.s:976    .debug_str:000000000000026e .LASF46
     /tmp/cc3oMFJw.s:956    .debug_str:00000000000001e3 .LASF45
     /tmp/cc3oMFJw.s:996    .debug_str:0000000000000302 .LASF47
     /tmp/cc3oMFJw.s:122    .text:0000000000000078 .LVL6
     /tmp/cc3oMFJw.s:80     .text:0000000000000050 .LVL4
     /tmp/cc3oMFJw.s:46     .text:0000000000000028 .LVL2
     /tmp/cc3oMFJw.s:14     .text:0000000000000000 .LVL0
     /tmp/cc3oMFJw.s:158    .debug_info:0000000000000000 .Ldebug_info0
     /tmp/cc3oMFJw.s:106    .gcc_except_table:0000000000000000 .LLSDA4
     /tmp/cc3oMFJw.s:147    .gcc_except_table:0000000000000004 .LLSDA5

UNDEFINED SYMBOLS
_Z9mem_allocm
_Z8mem_freePv
__gxx_personality_v0
