GAS LISTING /tmp/cc8YulEN.s 			page 1


   1              		.file	"Console.cpp"
   2              		.option pic
   3              		.option norelax
   4              		.text
   5              	.Ltext0:
   6              		.align	2
   7              		.globl	_ZN7Console4getcEv
   9              	_ZN7Console4getcEv:
  10              	.LFB2:
  11              		.file 1 "src/Console.cpp"
   1:src/Console.cpp **** //
   2:src/Console.cpp **** // Created by os on 5/30/23.
   3:src/Console.cpp **** //
   4:src/Console.cpp **** #include "../h/syscall_cpp.hpp"
   5:src/Console.cpp **** 
   6:src/Console.cpp **** 
   7:src/Console.cpp **** char Console::getc() {
  12              		.loc 1 7 22
  13              		.cfi_startproc
  14 0000 130101FF 		addi	sp,sp,-16
  15              		.cfi_def_cfa_offset 16
  16 0004 23341100 		sd	ra,8(sp)
  17 0008 23308100 		sd	s0,0(sp)
  18              		.cfi_offset 1, -8
  19              		.cfi_offset 8, -16
  20 000c 13040101 		addi	s0,sp,16
  21              		.cfi_def_cfa 8, 0
   8:src/Console.cpp ****     return ::getc();
  22              		.loc 1 8 5
  23              		.loc 1 8 18 is_stmt 0
  24 0010 97000000 		call	_Z4getcv@plt
  24      E7800000 
  25              	.LVL0:
   9:src/Console.cpp **** }
  26              		.loc 1 9 1
  27 0018 83308100 		ld	ra,8(sp)
  28              		.cfi_restore 1
  29 001c 03340100 		ld	s0,0(sp)
  30              		.cfi_restore 8
  31              		.cfi_def_cfa 2, 16
  32 0020 13010101 		addi	sp,sp,16
  33              		.cfi_def_cfa_offset 0
  34 0024 67800000 		jr	ra
  35              		.cfi_endproc
  36              	.LFE2:
  38              		.align	2
  39              		.globl	_ZN7Console4putcEc
  41              	_ZN7Console4putcEc:
  42              	.LFB3:
  10:src/Console.cpp **** 
  11:src/Console.cpp **** void Console::putc(char c) {
  43              		.loc 1 11 28 is_stmt 1
  44              		.cfi_startproc
  45              	.LVL1:
  46 0028 130101FF 		addi	sp,sp,-16
  47              		.cfi_def_cfa_offset 16
  48 002c 23341100 		sd	ra,8(sp)
GAS LISTING /tmp/cc8YulEN.s 			page 2


  49 0030 23308100 		sd	s0,0(sp)
  50              		.cfi_offset 1, -8
  51              		.cfi_offset 8, -16
  52 0034 13040101 		addi	s0,sp,16
  53              		.cfi_def_cfa 8, 0
  12:src/Console.cpp ****     ::putc(c);
  54              		.loc 1 12 5
  55              		.loc 1 12 11 is_stmt 0
  56 0038 97000000 		call	_Z4putcc@plt
  56      E7800000 
  57              	.LVL2:
  13:src/Console.cpp **** }
  58              		.loc 1 13 1
  59 0040 83308100 		ld	ra,8(sp)
  60              		.cfi_restore 1
  61 0044 03340100 		ld	s0,0(sp)
  62              		.cfi_restore 8
  63              		.cfi_def_cfa 2, 16
  64 0048 13010101 		addi	sp,sp,16
  65              		.cfi_def_cfa_offset 0
  66 004c 67800000 		jr	ra
  67              		.cfi_endproc
  68              	.LFE3:
  70              	.Letext0:
  71              		.file 2 "src/../h/../lib/hw.h"
  72              		.file 3 "src/../h/syscall_c.h"
  73              		.file 4 "src/../h/syscall_cpp.hpp"
GAS LISTING /tmp/cc8YulEN.s 			page 3


DEFINED SYMBOLS
                            *ABS*:0000000000000000 Console.cpp
     /tmp/cc8YulEN.s:9      .text:0000000000000000 _ZN7Console4getcEv
     /tmp/cc8YulEN.s:13     .text:0000000000000000 .L0 
     /tmp/cc8YulEN.s:14     .text:0000000000000000 .L0 
     /tmp/cc8YulEN.s:15     .text:0000000000000004 .L0 
     /tmp/cc8YulEN.s:18     .text:000000000000000c .L0 
     /tmp/cc8YulEN.s:19     .text:000000000000000c .L0 
     /tmp/cc8YulEN.s:21     .text:0000000000000010 .L0 
     /tmp/cc8YulEN.s:23     .text:0000000000000010 .L0 
     /tmp/cc8YulEN.s:24     .text:0000000000000010 .L0 
     /tmp/cc8YulEN.s:27     .text:0000000000000018 .L0 
     /tmp/cc8YulEN.s:28     .text:000000000000001c .L0 
     /tmp/cc8YulEN.s:30     .text:0000000000000020 .L0 
     /tmp/cc8YulEN.s:31     .text:0000000000000020 .L0 
     /tmp/cc8YulEN.s:33     .text:0000000000000024 .L0 
     /tmp/cc8YulEN.s:35     .text:0000000000000028 .L0 
     /tmp/cc8YulEN.s:41     .text:0000000000000028 _ZN7Console4putcEc
     /tmp/cc8YulEN.s:44     .text:0000000000000028 .L0 
     /tmp/cc8YulEN.s:46     .text:0000000000000028 .L0 
     /tmp/cc8YulEN.s:47     .text:000000000000002c .L0 
     /tmp/cc8YulEN.s:50     .text:0000000000000034 .L0 
     /tmp/cc8YulEN.s:51     .text:0000000000000034 .L0 
     /tmp/cc8YulEN.s:53     .text:0000000000000038 .L0 
     /tmp/cc8YulEN.s:55     .text:0000000000000038 .L0 
     /tmp/cc8YulEN.s:56     .text:0000000000000038 .L0 
     /tmp/cc8YulEN.s:59     .text:0000000000000040 .L0 
     /tmp/cc8YulEN.s:60     .text:0000000000000044 .L0 
     /tmp/cc8YulEN.s:62     .text:0000000000000048 .L0 
     /tmp/cc8YulEN.s:63     .text:0000000000000048 .L0 
     /tmp/cc8YulEN.s:65     .text:000000000000004c .L0 
     /tmp/cc8YulEN.s:67     .text:0000000000000050 .L0 
     /tmp/cc8YulEN.s:74     .text:0000000000000050 .L0 
     /tmp/cc8YulEN.s:400    .debug_abbrev:0000000000000000 .Ldebug_abbrev0
     /tmp/cc8YulEN.s:758    .debug_str:0000000000000108 .LASF38
     /tmp/cc8YulEN.s:752    .debug_str:00000000000000db .LASF39
     /tmp/cc8YulEN.s:780    .debug_str:000000000000024f .LASF40
     /tmp/cc8YulEN.s:5      .text:0000000000000000 .Ltext0
     /tmp/cc8YulEN.s:70     .text:0000000000000050 .Letext0
     /tmp/cc8YulEN.s:714    .debug_line:0000000000000000 .Ldebug_line0
     /tmp/cc8YulEN.s:766    .debug_str:00000000000001f4 .LASF0
     /tmp/cc8YulEN.s:746    .debug_str:00000000000000b3 .LASF1
     /tmp/cc8YulEN.s:738    .debug_str:0000000000000085 .LASF2
     /tmp/cc8YulEN.s:726    .debug_str:000000000000003c .LASF4
     /tmp/cc8YulEN.s:742    .debug_str:0000000000000098 .LASF3
     /tmp/cc8YulEN.s:720    .debug_str:000000000000001c .LASF5
     /tmp/cc8YulEN.s:718    .debug_str:0000000000000009 .LASF6
     /tmp/cc8YulEN.s:732    .debug_str:000000000000005e .LASF7
     /tmp/cc8YulEN.s:772    .debug_str:0000000000000211 .LASF8
     /tmp/cc8YulEN.s:724    .debug_str:000000000000002e .LASF9
     /tmp/cc8YulEN.s:802    .debug_str:00000000000002eb .LASF10
     /tmp/cc8YulEN.s:734    .debug_str:0000000000000071 .LASF11
     /tmp/cc8YulEN.s:794    .debug_str:00000000000002bb .LASF12
     /tmp/cc8YulEN.s:776    .debug_str:0000000000000237 .LASF13
     /tmp/cc8YulEN.s:750    .debug_str:00000000000000cf .LASF14
     /tmp/cc8YulEN.s:728    .debug_str:0000000000000043 .LASF15
     /tmp/cc8YulEN.s:774    .debug_str:0000000000000221 .LASF16
GAS LISTING /tmp/cc8YulEN.s 			page 4


     /tmp/cc8YulEN.s:754    .debug_str:00000000000000eb .LASF17
     /tmp/cc8YulEN.s:792    .debug_str:00000000000002b2 .LASF18
     /tmp/cc8YulEN.s:760    .debug_str:00000000000001cc .LASF19
     /tmp/cc8YulEN.s:790    .debug_str:00000000000002a6 .LASF20
     /tmp/cc8YulEN.s:782    .debug_str:0000000000000272 .LASF21
     /tmp/cc8YulEN.s:784    .debug_str:0000000000000282 .LASF22
     /tmp/cc8YulEN.s:796    .debug_str:00000000000002cb .LASF23
     /tmp/cc8YulEN.s:762    .debug_str:00000000000001da .LASF24
     /tmp/cc8YulEN.s:764    .debug_str:00000000000001e6 .LASF25
     /tmp/cc8YulEN.s:716    .debug_str:0000000000000000 .LASF26
     /tmp/cc8YulEN.s:800    .debug_str:00000000000002e1 .LASF27
     /tmp/cc8YulEN.s:744    .debug_str:00000000000000aa .LASF28
     /tmp/cc8YulEN.s:770    .debug_str:0000000000000206 .LASF29
     /tmp/cc8YulEN.s:722    .debug_str:0000000000000023 .LASF30
     /tmp/cc8YulEN.s:736    .debug_str:0000000000000080 .LASF31
     /tmp/cc8YulEN.s:730    .debug_str:0000000000000059 .LASF32
     /tmp/cc8YulEN.s:778    .debug_str:0000000000000247 .LASF41
     /tmp/cc8YulEN.s:740    .debug_str:0000000000000093 .LASF37
     /tmp/cc8YulEN.s:788    .debug_str:0000000000000293 .LASF42
     /tmp/cc8YulEN.s:786    .debug_str:000000000000028e .LASF36
     /tmp/cc8YulEN.s:756    .debug_str:00000000000000f5 .LASF43
     /tmp/cc8YulEN.s:768    .debug_str:0000000000000201 .LASF33
     /tmp/cc8YulEN.s:42     .text:0000000000000028 .LFB3
     /tmp/cc8YulEN.s:68     .text:0000000000000050 .LFE3
     /tmp/cc8YulEN.s:687    .debug_loc:0000000000000000 .LLST0
     /tmp/cc8YulEN.s:57     .text:0000000000000040 .LVL2
     /tmp/cc8YulEN.s:10     .text:0000000000000000 .LFB2
     /tmp/cc8YulEN.s:36     .text:0000000000000028 .LFE2
     /tmp/cc8YulEN.s:25     .text:0000000000000018 .LVL0
     /tmp/cc8YulEN.s:748    .debug_str:00000000000000c6 .LASF34
     /tmp/cc8YulEN.s:798    .debug_str:00000000000002d8 .LASF35
     /tmp/cc8YulEN.s:45     .text:0000000000000028 .LVL1
     /tmp/cc8YulEN.s:75     .debug_info:0000000000000000 .Ldebug_info0

UNDEFINED SYMBOLS
_Z4getcv
_Z4putcc
