GAS LISTING /tmp/ccDM5ddZ.s 			page 1


   1              		.file	"PeriodicThread.cpp"
   2              		.option pic
   3              		.option norelax
   4              		.text
   5              	.Ltext0:
   6              		.section	.text._ZN6Thread3runEv,"axG",@progbits,_ZN6Thread3runEv,comdat
   7              		.align	2
   8              		.weak	_ZN6Thread3runEv
  10              	_ZN6Thread3runEv:
  11              	.LFB0:
  12              		.file 1 "src/../h/syscall_cpp.hpp"
   1:src/../h/syscall_cpp.hpp **** #ifndef _syscall_cpp
   2:src/../h/syscall_cpp.hpp **** #define _syscall_cpp
   3:src/../h/syscall_cpp.hpp **** #include "syscall_c.h"
   4:src/../h/syscall_cpp.hpp **** void* operator new (size_t);
   5:src/../h/syscall_cpp.hpp **** void  operator  delete (void*)noexcept;
   6:src/../h/syscall_cpp.hpp **** 
   7:src/../h/syscall_cpp.hpp **** class Thread {
   8:src/../h/syscall_cpp.hpp **** public:
   9:src/../h/syscall_cpp.hpp ****     Thread (void (*body)(void*), void* arg);
  10:src/../h/syscall_cpp.hpp ****     virtual ~Thread ();
  11:src/../h/syscall_cpp.hpp ****     int start ();
  12:src/../h/syscall_cpp.hpp ****     void join();
  13:src/../h/syscall_cpp.hpp ****     static void dispatch ();
  14:src/../h/syscall_cpp.hpp ****     static int sleep (time_t);
  15:src/../h/syscall_cpp.hpp ****     // Omotac kako bi mogao da se aktivira poziv za run() kada se nit pravi;
  16:src/../h/syscall_cpp.hpp ****     static void wrapper(void*);
  17:src/../h/syscall_cpp.hpp **** 
  18:src/../h/syscall_cpp.hpp **** 
  19:src/../h/syscall_cpp.hpp **** protected:
  20:src/../h/syscall_cpp.hpp ****     Thread ();
  21:src/../h/syscall_cpp.hpp ****     virtual void run () {}
  13              		.loc 1 21 18
  14              		.cfi_startproc
  15              	.LVL0:
  16 0000 130101FF 		addi	sp,sp,-16
  17              		.cfi_def_cfa_offset 16
  18 0004 23348100 		sd	s0,8(sp)
  19              		.cfi_offset 8, -8
  20 0008 13040101 		addi	s0,sp,16
  21              		.cfi_def_cfa 8, 0
  22              		.loc 1 21 26 is_stmt 0
  23 000c 03348100 		ld	s0,8(sp)
  24              		.cfi_restore 8
  25              		.cfi_def_cfa 2, 16
  26 0010 13010101 		addi	sp,sp,16
  27              		.cfi_def_cfa_offset 0
  28 0014 67800000 		jr	ra
  29              		.cfi_endproc
  30              	.LFE0:
  32              		.section	.text._ZN14PeriodicThread18periodicActivationEv,"axG",@progbits,_ZN14PeriodicThread18peri
  33              		.align	2
  34              		.weak	_ZN14PeriodicThread18periodicActivationEv
  36              	_ZN14PeriodicThread18periodicActivationEv:
  37              	.LFB1:
  22:src/../h/syscall_cpp.hpp **** private:
  23:src/../h/syscall_cpp.hpp ****     thread_t myHandle;
GAS LISTING /tmp/ccDM5ddZ.s 			page 2


  24:src/../h/syscall_cpp.hpp ****     void (*body)(void*); void* arg;
  25:src/../h/syscall_cpp.hpp **** };
  26:src/../h/syscall_cpp.hpp **** class Semaphore {
  27:src/../h/syscall_cpp.hpp **** public:
  28:src/../h/syscall_cpp.hpp ****     Semaphore (unsigned init = 1);
  29:src/../h/syscall_cpp.hpp ****     virtual ~Semaphore ();
  30:src/../h/syscall_cpp.hpp ****     int wait ();
  31:src/../h/syscall_cpp.hpp ****     int signal ();
  32:src/../h/syscall_cpp.hpp **** private:
  33:src/../h/syscall_cpp.hpp ****     sem_t myHandle;
  34:src/../h/syscall_cpp.hpp **** };
  35:src/../h/syscall_cpp.hpp **** class PeriodicThread : public Thread {
  36:src/../h/syscall_cpp.hpp **** public:
  37:src/../h/syscall_cpp.hpp ****     void terminate ();
  38:src/../h/syscall_cpp.hpp ****     static void wrapper(void*);
  39:src/../h/syscall_cpp.hpp **** protected:
  40:src/../h/syscall_cpp.hpp ****     PeriodicThread (time_t period);
  41:src/../h/syscall_cpp.hpp ****     virtual void periodicActivation () {}
  38              		.loc 1 41 18 is_stmt 1
  39              		.cfi_startproc
  40              	.LVL1:
  41 0000 130101FF 		addi	sp,sp,-16
  42              		.cfi_def_cfa_offset 16
  43 0004 23348100 		sd	s0,8(sp)
  44              		.cfi_offset 8, -8
  45 0008 13040101 		addi	s0,sp,16
  46              		.cfi_def_cfa 8, 0
  47              		.loc 1 41 41 is_stmt 0
  48 000c 03348100 		ld	s0,8(sp)
  49              		.cfi_restore 8
  50              		.cfi_def_cfa 2, 16
  51 0010 13010101 		addi	sp,sp,16
  52              		.cfi_def_cfa_offset 0
  53 0014 67800000 		jr	ra
  54              		.cfi_endproc
  55              	.LFE1:
  57              		.section	.text._ZN14PeriodicThreadD2Ev,"axG",@progbits,_ZN14PeriodicThreadD5Ev,comdat
  58              		.align	2
  59              		.weak	_ZN14PeriodicThreadD2Ev
  61              	_ZN14PeriodicThreadD2Ev:
  62              	.LFB8:
  35:src/../h/syscall_cpp.hpp **** public:
  63              		.loc 1 35 7 is_stmt 1
  64              		.cfi_startproc
  65              	.LVL2:
  66 0000 130101FF 		addi	sp,sp,-16
  67              		.cfi_def_cfa_offset 16
  68 0004 23341100 		sd	ra,8(sp)
  69 0008 23308100 		sd	s0,0(sp)
  70              		.cfi_offset 1, -8
  71              		.cfi_offset 8, -16
  72 000c 13040101 		addi	s0,sp,16
  73              		.cfi_def_cfa 8, 0
  74              	.LBB5:
  35:src/../h/syscall_cpp.hpp **** public:
  75              		.loc 1 35 7 is_stmt 0
  76 0010 97070000 		lla	a5,_ZTV14PeriodicThread+16
GAS LISTING /tmp/ccDM5ddZ.s 			page 3


  76      93870700 
  77 0018 2330F500 		sd	a5,0(a0)
  78 001c 97000000 		call	_ZN6ThreadD2Ev@plt
  78      E7800000 
  79              	.LVL3:
  80              	.LBE5:
  81 0024 83308100 		ld	ra,8(sp)
  82              		.cfi_restore 1
  83 0028 03340100 		ld	s0,0(sp)
  84              		.cfi_restore 8
  85              		.cfi_def_cfa 2, 16
  86 002c 13010101 		addi	sp,sp,16
  87              		.cfi_def_cfa_offset 0
  88 0030 67800000 		jr	ra
  89              		.cfi_endproc
  90              	.LFE8:
  92              		.weak	_ZN14PeriodicThreadD1Ev
  93              		.set	_ZN14PeriodicThreadD1Ev,_ZN14PeriodicThreadD2Ev
  94              		.section	.text._ZN14PeriodicThreadD0Ev,"axG",@progbits,_ZN14PeriodicThreadD5Ev,comdat
  95              		.align	2
  96              		.weak	_ZN14PeriodicThreadD0Ev
  98              	_ZN14PeriodicThreadD0Ev:
  99              	.LFB10:
  35:src/../h/syscall_cpp.hpp **** public:
 100              		.loc 1 35 7 is_stmt 1
 101              		.cfi_startproc
 102              	.LVL4:
 103 0000 130101FE 		addi	sp,sp,-32
 104              		.cfi_def_cfa_offset 32
 105 0004 233C1100 		sd	ra,24(sp)
 106 0008 23388100 		sd	s0,16(sp)
 107 000c 23349100 		sd	s1,8(sp)
 108              		.cfi_offset 1, -8
 109              		.cfi_offset 8, -16
 110              		.cfi_offset 9, -24
 111 0010 13040102 		addi	s0,sp,32
 112              		.cfi_def_cfa 8, 0
 113 0014 93040500 		mv	s1,a0
 114              	.LVL5:
 115              	.LBB6:
 116              	.LBB7:
  35:src/../h/syscall_cpp.hpp **** public:
 117              		.loc 1 35 7 is_stmt 0
 118 0018 97070000 		lla	a5,_ZTV14PeriodicThread+16
 118      93870700 
 119 0020 2330F500 		sd	a5,0(a0)
 120 0024 97000000 		call	_ZN6ThreadD2Ev@plt
 120      E7800000 
 121              	.LVL6:
 122              	.LBE7:
 123              	.LBE6:
 124 002c 13850400 		mv	a0,s1
 125 0030 97000000 		call	_ZdlPv@plt
 125      E7800000 
 126              	.LVL7:
 127 0038 83308101 		ld	ra,24(sp)
 128              		.cfi_restore 1
GAS LISTING /tmp/ccDM5ddZ.s 			page 4


 129 003c 03340101 		ld	s0,16(sp)
 130              		.cfi_restore 8
 131              		.cfi_def_cfa 2, 32
 132 0040 83348100 		ld	s1,8(sp)
 133              		.cfi_restore 9
 134              	.LVL8:
 135 0044 13010102 		addi	sp,sp,32
 136              		.cfi_def_cfa_offset 0
 137 0048 67800000 		jr	ra
 138              		.cfi_endproc
 139              	.LFE10:
 141              		.text
 142              		.align	2
 143              		.globl	_ZN14PeriodicThread7wrapperEPv
 145              	_ZN14PeriodicThread7wrapperEPv:
 146              	.LFB5:
 147              		.file 2 "src/PeriodicThread.cpp"
   1:src/PeriodicThread.cpp **** //
   2:src/PeriodicThread.cpp **** // Created by os on 5/31/23.
   3:src/PeriodicThread.cpp **** //
   4:src/PeriodicThread.cpp **** #include "../h/syscall_cpp.hpp"
   5:src/PeriodicThread.cpp **** 
   6:src/PeriodicThread.cpp **** PeriodicThread::PeriodicThread(time_t period):Thread(PeriodicThread::wrapper,this),period(period){}
   7:src/PeriodicThread.cpp **** 
   8:src/PeriodicThread.cpp **** void PeriodicThread::wrapper(void *arg) {
 148              		.loc 2 8 41 is_stmt 1
 149              		.cfi_startproc
 150              	.LVL9:
 151 0000 130101FE 		addi	sp,sp,-32
 152              		.cfi_def_cfa_offset 32
 153 0004 233C1100 		sd	ra,24(sp)
 154 0008 23388100 		sd	s0,16(sp)
 155 000c 23349100 		sd	s1,8(sp)
 156              		.cfi_offset 1, -8
 157              		.cfi_offset 8, -16
 158              		.cfi_offset 9, -24
 159 0010 13040102 		addi	s0,sp,32
 160              		.cfi_def_cfa 8, 0
 161 0014 93040500 		mv	s1,a0
   9:src/PeriodicThread.cpp ****     PeriodicThread* t = (PeriodicThread*) arg;
 162              		.loc 2 9 5
 163              	.LVL10:
 164              	.L11:
  10:src/PeriodicThread.cpp ****     while (t->period>0) {
 165              		.loc 2 10 5
 166              		.loc 2 10 21
 167              		.loc 2 10 15 is_stmt 0
 168 0018 03B50402 		ld	a0,32(s1)
 169              		.loc 2 10 21
 170 001c 63000502 		beqz	a0,.L9
  11:src/PeriodicThread.cpp ****         time_sleep(t->period);
 171              		.loc 2 11 9 is_stmt 1
 172              		.loc 2 11 19 is_stmt 0
 173 0020 97000000 		call	_Z10time_sleepm@plt
 173      E7800000 
 174              	.LVL11:
  12:src/PeriodicThread.cpp ****         t->periodicActivation();
GAS LISTING /tmp/ccDM5ddZ.s 			page 5


 175              		.loc 2 12 9 is_stmt 1
 176              		.loc 2 12 31 is_stmt 0
 177 0028 83B70400 		ld	a5,0(s1)
 178 002c 83B78701 		ld	a5,24(a5)
 179              		.loc 2 12 30
 180 0030 13850400 		mv	a0,s1
 181 0034 E7800700 		jalr	a5
 182              	.LVL12:
  10:src/PeriodicThread.cpp ****     while (t->period>0) {
 183              		.loc 2 10 5
 184 0038 6FF01FFE 		j	.L11
 185              	.L9:
  13:src/PeriodicThread.cpp ****     }
  14:src/PeriodicThread.cpp **** }
 186              		.loc 2 14 1
 187 003c 83308101 		ld	ra,24(sp)
 188              		.cfi_restore 1
 189 0040 03340101 		ld	s0,16(sp)
 190              		.cfi_restore 8
 191              		.cfi_def_cfa 2, 32
 192 0044 83348100 		ld	s1,8(sp)
 193              		.cfi_restore 9
 194              	.LVL13:
 195 0048 13010102 		addi	sp,sp,32
 196              		.cfi_def_cfa_offset 0
 197 004c 67800000 		jr	ra
 198              		.cfi_endproc
 199              	.LFE5:
 201              		.align	2
 202              		.globl	_ZN14PeriodicThreadC2Em
 204              	_ZN14PeriodicThreadC2Em:
 205              	.LFB3:
   6:src/PeriodicThread.cpp **** 
 206              		.loc 2 6 1 is_stmt 1
 207              		.cfi_startproc
 208              	.LVL14:
 209 0050 130101FE 		addi	sp,sp,-32
 210              		.cfi_def_cfa_offset 32
 211 0054 233C1100 		sd	ra,24(sp)
 212 0058 23388100 		sd	s0,16(sp)
 213 005c 23349100 		sd	s1,8(sp)
 214 0060 23302101 		sd	s2,0(sp)
 215              		.cfi_offset 1, -8
 216              		.cfi_offset 8, -16
 217              		.cfi_offset 9, -24
 218              		.cfi_offset 18, -32
 219 0064 13040102 		addi	s0,sp,32
 220              		.cfi_def_cfa 8, 0
 221 0068 93040500 		mv	s1,a0
 222 006c 13890500 		mv	s2,a1
 223              	.LBB8:
   6:src/PeriodicThread.cpp **** 
 224              		.loc 2 6 97 is_stmt 0
 225 0070 13060500 		mv	a2,a0
 226 0074 97050000 		lla	a1,_ZN14PeriodicThread7wrapperEPv
 226      93850500 
 227              	.LVL15:
GAS LISTING /tmp/ccDM5ddZ.s 			page 6


 228 007c 97000000 		call	_ZN6ThreadC2EPFvPvES0_@plt
 228      E7800000 
 229              	.LVL16:
 230 0084 97070000 		lla	a5,_ZTV14PeriodicThread+16
 230      93870700 
 231 008c 23B0F400 		sd	a5,0(s1)
 232 0090 23B02403 		sd	s2,32(s1)
 233              	.LBE8:
   6:src/PeriodicThread.cpp **** 
 234              		.loc 2 6 99
 235 0094 83308101 		ld	ra,24(sp)
 236              		.cfi_restore 1
 237 0098 03340101 		ld	s0,16(sp)
 238              		.cfi_restore 8
 239              		.cfi_def_cfa 2, 32
 240 009c 83348100 		ld	s1,8(sp)
 241              		.cfi_restore 9
 242              	.LVL17:
 243 00a0 03390100 		ld	s2,0(sp)
 244              		.cfi_restore 18
 245              	.LVL18:
 246 00a4 13010102 		addi	sp,sp,32
 247              		.cfi_def_cfa_offset 0
 248 00a8 67800000 		jr	ra
 249              		.cfi_endproc
 250              	.LFE3:
 252              		.globl	_ZN14PeriodicThreadC1Em
 253              		.set	_ZN14PeriodicThreadC1Em,_ZN14PeriodicThreadC2Em
 254              		.align	2
 255              		.globl	_ZN14PeriodicThread9terminateEv
 257              	_ZN14PeriodicThread9terminateEv:
 258              	.LFB6:
  15:src/PeriodicThread.cpp **** 
  16:src/PeriodicThread.cpp **** void PeriodicThread::terminate() {period=0;}
 259              		.loc 2 16 34 is_stmt 1
 260              		.cfi_startproc
 261              	.LVL19:
 262 00ac 130101FF 		addi	sp,sp,-16
 263              		.cfi_def_cfa_offset 16
 264 00b0 23348100 		sd	s0,8(sp)
 265              		.cfi_offset 8, -8
 266 00b4 13040101 		addi	s0,sp,16
 267              		.cfi_def_cfa 8, 0
 268              		.loc 2 16 35
 269              		.loc 2 16 41 is_stmt 0
 270 00b8 23300502 		sd	zero,32(a0)
 271              		.loc 2 16 44
 272 00bc 03348100 		ld	s0,8(sp)
 273              		.cfi_restore 8
 274              		.cfi_def_cfa 2, 16
 275 00c0 13010101 		addi	sp,sp,16
 276              		.cfi_def_cfa_offset 0
 277 00c4 67800000 		jr	ra
 278              		.cfi_endproc
 279              	.LFE6:
 281              		.weak	_ZTV14PeriodicThread
 282              		.section	.data.rel.ro.local._ZTV14PeriodicThread,"awG",@progbits,_ZTV14PeriodicThread,comdat
GAS LISTING /tmp/ccDM5ddZ.s 			page 7


 283              		.align	3
 286              	_ZTV14PeriodicThread:
 287 0000 00000000 		.dword	0
 287      00000000 
 288 0008 00000000 		.dword	0
 288      00000000 
 289 0010 00000000 		.dword	_ZN14PeriodicThreadD1Ev
 289      00000000 
 290 0018 00000000 		.dword	_ZN14PeriodicThreadD0Ev
 290      00000000 
 291 0020 00000000 		.dword	_ZN6Thread3runEv
 291      00000000 
 292 0028 00000000 		.dword	_ZN14PeriodicThread18periodicActivationEv
 292      00000000 
 293              		.text
 294              	.Letext0:
 295              		.file 3 "src/../h/../lib/hw.h"
 296              		.file 4 "src/../h/syscall_c.h"
GAS LISTING /tmp/ccDM5ddZ.s 			page 8


DEFINED SYMBOLS
                            *ABS*:0000000000000000 PeriodicThread.cpp
     /tmp/ccDM5ddZ.s:10     .text._ZN6Thread3runEv:0000000000000000 _ZN6Thread3runEv
     /tmp/ccDM5ddZ.s:14     .text._ZN6Thread3runEv:0000000000000000 .L0 
     /tmp/ccDM5ddZ.s:16     .text._ZN6Thread3runEv:0000000000000000 .L0 
     /tmp/ccDM5ddZ.s:17     .text._ZN6Thread3runEv:0000000000000004 .L0 
     /tmp/ccDM5ddZ.s:19     .text._ZN6Thread3runEv:0000000000000008 .L0 
     /tmp/ccDM5ddZ.s:21     .text._ZN6Thread3runEv:000000000000000c .L0 
     /tmp/ccDM5ddZ.s:23     .text._ZN6Thread3runEv:000000000000000c .L0 
     /tmp/ccDM5ddZ.s:24     .text._ZN6Thread3runEv:0000000000000010 .L0 
     /tmp/ccDM5ddZ.s:25     .text._ZN6Thread3runEv:0000000000000010 .L0 
     /tmp/ccDM5ddZ.s:27     .text._ZN6Thread3runEv:0000000000000014 .L0 
     /tmp/ccDM5ddZ.s:29     .text._ZN6Thread3runEv:0000000000000018 .L0 
     /tmp/ccDM5ddZ.s:36     .text._ZN14PeriodicThread18periodicActivationEv:0000000000000000 _ZN14PeriodicThread18periodicActivationEv
     /tmp/ccDM5ddZ.s:39     .text._ZN14PeriodicThread18periodicActivationEv:0000000000000000 .L0 
     /tmp/ccDM5ddZ.s:41     .text._ZN14PeriodicThread18periodicActivationEv:0000000000000000 .L0 
     /tmp/ccDM5ddZ.s:42     .text._ZN14PeriodicThread18periodicActivationEv:0000000000000004 .L0 
     /tmp/ccDM5ddZ.s:44     .text._ZN14PeriodicThread18periodicActivationEv:0000000000000008 .L0 
     /tmp/ccDM5ddZ.s:46     .text._ZN14PeriodicThread18periodicActivationEv:000000000000000c .L0 
     /tmp/ccDM5ddZ.s:48     .text._ZN14PeriodicThread18periodicActivationEv:000000000000000c .L0 
     /tmp/ccDM5ddZ.s:49     .text._ZN14PeriodicThread18periodicActivationEv:0000000000000010 .L0 
     /tmp/ccDM5ddZ.s:50     .text._ZN14PeriodicThread18periodicActivationEv:0000000000000010 .L0 
     /tmp/ccDM5ddZ.s:52     .text._ZN14PeriodicThread18periodicActivationEv:0000000000000014 .L0 
     /tmp/ccDM5ddZ.s:54     .text._ZN14PeriodicThread18periodicActivationEv:0000000000000018 .L0 
     /tmp/ccDM5ddZ.s:61     .text._ZN14PeriodicThreadD2Ev:0000000000000000 _ZN14PeriodicThreadD2Ev
     /tmp/ccDM5ddZ.s:64     .text._ZN14PeriodicThreadD2Ev:0000000000000000 .L0 
     /tmp/ccDM5ddZ.s:66     .text._ZN14PeriodicThreadD2Ev:0000000000000000 .L0 
     /tmp/ccDM5ddZ.s:67     .text._ZN14PeriodicThreadD2Ev:0000000000000004 .L0 
     /tmp/ccDM5ddZ.s:70     .text._ZN14PeriodicThreadD2Ev:000000000000000c .L0 
     /tmp/ccDM5ddZ.s:71     .text._ZN14PeriodicThreadD2Ev:000000000000000c .L0 
     /tmp/ccDM5ddZ.s:73     .text._ZN14PeriodicThreadD2Ev:0000000000000010 .L0 
     /tmp/ccDM5ddZ.s:286    .data.rel.ro.local._ZTV14PeriodicThread:0000000000000000 _ZTV14PeriodicThread
     /tmp/ccDM5ddZ.s:76     .text._ZN14PeriodicThreadD2Ev:0000000000000010 .L0 
     /tmp/ccDM5ddZ.s:82     .text._ZN14PeriodicThreadD2Ev:0000000000000028 .L0 
     /tmp/ccDM5ddZ.s:84     .text._ZN14PeriodicThreadD2Ev:000000000000002c .L0 
     /tmp/ccDM5ddZ.s:85     .text._ZN14PeriodicThreadD2Ev:000000000000002c .L0 
     /tmp/ccDM5ddZ.s:87     .text._ZN14PeriodicThreadD2Ev:0000000000000030 .L0 
     /tmp/ccDM5ddZ.s:89     .text._ZN14PeriodicThreadD2Ev:0000000000000034 .L0 
     /tmp/ccDM5ddZ.s:61     .text._ZN14PeriodicThreadD2Ev:0000000000000000 _ZN14PeriodicThreadD1Ev
     /tmp/ccDM5ddZ.s:98     .text._ZN14PeriodicThreadD0Ev:0000000000000000 _ZN14PeriodicThreadD0Ev
     /tmp/ccDM5ddZ.s:101    .text._ZN14PeriodicThreadD0Ev:0000000000000000 .L0 
     /tmp/ccDM5ddZ.s:103    .text._ZN14PeriodicThreadD0Ev:0000000000000000 .L0 
     /tmp/ccDM5ddZ.s:104    .text._ZN14PeriodicThreadD0Ev:0000000000000004 .L0 
     /tmp/ccDM5ddZ.s:108    .text._ZN14PeriodicThreadD0Ev:0000000000000010 .L0 
     /tmp/ccDM5ddZ.s:109    .text._ZN14PeriodicThreadD0Ev:0000000000000010 .L0 
     /tmp/ccDM5ddZ.s:110    .text._ZN14PeriodicThreadD0Ev:0000000000000010 .L0 
     /tmp/ccDM5ddZ.s:112    .text._ZN14PeriodicThreadD0Ev:0000000000000014 .L0 
     /tmp/ccDM5ddZ.s:118    .text._ZN14PeriodicThreadD0Ev:0000000000000018 .L0 
     /tmp/ccDM5ddZ.s:128    .text._ZN14PeriodicThreadD0Ev:000000000000003c .L0 
     /tmp/ccDM5ddZ.s:130    .text._ZN14PeriodicThreadD0Ev:0000000000000040 .L0 
     /tmp/ccDM5ddZ.s:131    .text._ZN14PeriodicThreadD0Ev:0000000000000040 .L0 
     /tmp/ccDM5ddZ.s:133    .text._ZN14PeriodicThreadD0Ev:0000000000000044 .L0 
     /tmp/ccDM5ddZ.s:136    .text._ZN14PeriodicThreadD0Ev:0000000000000048 .L0 
     /tmp/ccDM5ddZ.s:138    .text._ZN14PeriodicThreadD0Ev:000000000000004c .L0 
     /tmp/ccDM5ddZ.s:145    .text:0000000000000000 _ZN14PeriodicThread7wrapperEPv
     /tmp/ccDM5ddZ.s:149    .text:0000000000000000 .L0 
     /tmp/ccDM5ddZ.s:151    .text:0000000000000000 .L0 
GAS LISTING /tmp/ccDM5ddZ.s 			page 9


     /tmp/ccDM5ddZ.s:152    .text:0000000000000004 .L0 
     /tmp/ccDM5ddZ.s:156    .text:0000000000000010 .L0 
     /tmp/ccDM5ddZ.s:157    .text:0000000000000010 .L0 
     /tmp/ccDM5ddZ.s:158    .text:0000000000000010 .L0 
     /tmp/ccDM5ddZ.s:160    .text:0000000000000014 .L0 
     /tmp/ccDM5ddZ.s:165    .text:0000000000000018 .L0 
     /tmp/ccDM5ddZ.s:166    .text:0000000000000018 .L0 
     /tmp/ccDM5ddZ.s:167    .text:0000000000000018 .L0 
     /tmp/ccDM5ddZ.s:168    .text:0000000000000018 .L0 
     /tmp/ccDM5ddZ.s:170    .text:000000000000001c .L0 
     /tmp/ccDM5ddZ.s:172    .text:0000000000000020 .L0 
     /tmp/ccDM5ddZ.s:173    .text:0000000000000020 .L0 
     /tmp/ccDM5ddZ.s:176    .text:0000000000000028 .L0 
     /tmp/ccDM5ddZ.s:177    .text:0000000000000028 .L0 
     /tmp/ccDM5ddZ.s:180    .text:0000000000000030 .L0 
     /tmp/ccDM5ddZ.s:184    .text:0000000000000038 .L0 
     /tmp/ccDM5ddZ.s:187    .text:000000000000003c .L0 
     /tmp/ccDM5ddZ.s:188    .text:0000000000000040 .L0 
     /tmp/ccDM5ddZ.s:190    .text:0000000000000044 .L0 
     /tmp/ccDM5ddZ.s:191    .text:0000000000000044 .L0 
     /tmp/ccDM5ddZ.s:193    .text:0000000000000048 .L0 
     /tmp/ccDM5ddZ.s:196    .text:000000000000004c .L0 
     /tmp/ccDM5ddZ.s:198    .text:0000000000000050 .L0 
     /tmp/ccDM5ddZ.s:204    .text:0000000000000050 _ZN14PeriodicThreadC2Em
     /tmp/ccDM5ddZ.s:207    .text:0000000000000050 .L0 
     /tmp/ccDM5ddZ.s:209    .text:0000000000000050 .L0 
     /tmp/ccDM5ddZ.s:210    .text:0000000000000054 .L0 
     /tmp/ccDM5ddZ.s:215    .text:0000000000000064 .L0 
     /tmp/ccDM5ddZ.s:216    .text:0000000000000064 .L0 
     /tmp/ccDM5ddZ.s:217    .text:0000000000000064 .L0 
     /tmp/ccDM5ddZ.s:218    .text:0000000000000064 .L0 
     /tmp/ccDM5ddZ.s:220    .text:0000000000000068 .L0 
     /tmp/ccDM5ddZ.s:225    .text:0000000000000070 .L0 
     /tmp/ccDM5ddZ.s:235    .text:0000000000000094 .L0 
     /tmp/ccDM5ddZ.s:236    .text:0000000000000098 .L0 
     /tmp/ccDM5ddZ.s:238    .text:000000000000009c .L0 
     /tmp/ccDM5ddZ.s:239    .text:000000000000009c .L0 
     /tmp/ccDM5ddZ.s:241    .text:00000000000000a0 .L0 
     /tmp/ccDM5ddZ.s:244    .text:00000000000000a4 .L0 
     /tmp/ccDM5ddZ.s:247    .text:00000000000000a8 .L0 
     /tmp/ccDM5ddZ.s:249    .text:00000000000000ac .L0 
     /tmp/ccDM5ddZ.s:204    .text:0000000000000050 _ZN14PeriodicThreadC1Em
     /tmp/ccDM5ddZ.s:257    .text:00000000000000ac _ZN14PeriodicThread9terminateEv
     /tmp/ccDM5ddZ.s:260    .text:00000000000000ac .L0 
     /tmp/ccDM5ddZ.s:262    .text:00000000000000ac .L0 
     /tmp/ccDM5ddZ.s:263    .text:00000000000000b0 .L0 
     /tmp/ccDM5ddZ.s:265    .text:00000000000000b4 .L0 
     /tmp/ccDM5ddZ.s:267    .text:00000000000000b8 .L0 
     /tmp/ccDM5ddZ.s:269    .text:00000000000000b8 .L0 
     /tmp/ccDM5ddZ.s:270    .text:00000000000000b8 .L0 
     /tmp/ccDM5ddZ.s:272    .text:00000000000000bc .L0 
     /tmp/ccDM5ddZ.s:273    .text:00000000000000c0 .L0 
     /tmp/ccDM5ddZ.s:274    .text:00000000000000c0 .L0 
     /tmp/ccDM5ddZ.s:276    .text:00000000000000c4 .L0 
     /tmp/ccDM5ddZ.s:278    .text:00000000000000c8 .L0 
     /tmp/ccDM5ddZ.s:32     .text._ZN6Thread3runEv:0000000000000018 .L0 
     /tmp/ccDM5ddZ.s:57     .text._ZN14PeriodicThread18periodicActivationEv:0000000000000018 .L0 
GAS LISTING /tmp/ccDM5ddZ.s 			page 10


     /tmp/ccDM5ddZ.s:94     .text._ZN14PeriodicThreadD2Ev:0000000000000034 .L0 
     /tmp/ccDM5ddZ.s:141    .text._ZN14PeriodicThreadD0Ev:000000000000004c .L0 
     /tmp/ccDM5ddZ.s:297    .text:00000000000000c8 .L0 
     /tmp/ccDM5ddZ.s:226    .text:0000000000000074 .L0 
     /tmp/ccDM5ddZ.s:230    .text:0000000000000084 .L0 
     /tmp/ccDM5ddZ.s:185    .text:000000000000003c .L9
     /tmp/ccDM5ddZ.s:164    .text:0000000000000018 .L11
     /tmp/ccDM5ddZ.s:76     .text._ZN14PeriodicThreadD2Ev:0000000000000010 .L0 
     /tmp/ccDM5ddZ.s:118    .text._ZN14PeriodicThreadD0Ev:0000000000000018 .L0 
     /tmp/ccDM5ddZ.s:926    .debug_abbrev:0000000000000000 .Ldebug_abbrev0
     /tmp/ccDM5ddZ.s:1778   .debug_str:00000000000001cc .LASF52
     /tmp/ccDM5ddZ.s:1720   .debug_str:0000000000000000 .LASF53
     /tmp/ccDM5ddZ.s:1810   .debug_str:000000000000036f .LASF54
     /tmp/ccDM5ddZ.s:1704   .debug_ranges:0000000000000000 .Ldebug_ranges0
     /tmp/ccDM5ddZ.s:1718   .debug_line:0000000000000000 .Ldebug_line0
     /tmp/ccDM5ddZ.s:1790   .debug_str:00000000000002da .LASF0
     /tmp/ccDM5ddZ.s:1766   .debug_str:0000000000000147 .LASF1
     /tmp/ccDM5ddZ.s:1758   .debug_str:0000000000000119 .LASF2
     /tmp/ccDM5ddZ.s:1736   .debug_str:0000000000000072 .LASF4
     /tmp/ccDM5ddZ.s:1762   .debug_str:000000000000012c .LASF3
     /tmp/ccDM5ddZ.s:1726   .debug_str:0000000000000033 .LASF5
     /tmp/ccDM5ddZ.s:1800   .debug_str:0000000000000312 .LASF6
     /tmp/ccDM5ddZ.s:1724   .debug_str:0000000000000020 .LASF7
     /tmp/ccDM5ddZ.s:1750   .debug_str:00000000000000eb .LASF8
     /tmp/ccDM5ddZ.s:1802   .debug_str:0000000000000319 .LASF9
     /tmp/ccDM5ddZ.s:1732   .debug_str:000000000000005d .LASF10
     /tmp/ccDM5ddZ.s:1842   .debug_str:0000000000000469 .LASF11
     /tmp/ccDM5ddZ.s:1752   .debug_str:00000000000000fe .LASF12
     /tmp/ccDM5ddZ.s:1830   .debug_str:0000000000000404 .LASF13
     /tmp/ccDM5ddZ.s:1808   .debug_str:000000000000035f .LASF14
     /tmp/ccDM5ddZ.s:1768   .debug_str:000000000000015a .LASF15
     /tmp/ccDM5ddZ.s:1744   .debug_str:00000000000000bf .LASF16
     /tmp/ccDM5ddZ.s:1806   .debug_str:0000000000000349 .LASF17
     /tmp/ccDM5ddZ.s:1770   .debug_str:0000000000000166 .LASF18
     /tmp/ccDM5ddZ.s:1828   .debug_str:00000000000003fb .LASF19
     /tmp/ccDM5ddZ.s:1784   .debug_str:00000000000002b2 .LASF20
     /tmp/ccDM5ddZ.s:1824   .debug_str:00000000000003e0 .LASF21
     /tmp/ccDM5ddZ.s:1812   .debug_str:0000000000000392 .LASF22
     /tmp/ccDM5ddZ.s:1814   .debug_str:00000000000003a2 .LASF23
     /tmp/ccDM5ddZ.s:1834   .debug_str:000000000000041b .LASF24
     /tmp/ccDM5ddZ.s:1786   .debug_str:00000000000002c0 .LASF25
     /tmp/ccDM5ddZ.s:1788   .debug_str:00000000000002cc .LASF26
     /tmp/ccDM5ddZ.s:1722   .debug_str:0000000000000017 .LASF27
     /tmp/ccDM5ddZ.s:1840   .debug_str:000000000000045f .LASF28
     /tmp/ccDM5ddZ.s:1764   .debug_str:000000000000013e .LASF29
     /tmp/ccDM5ddZ.s:1798   .debug_str:0000000000000307 .LASF30
     /tmp/ccDM5ddZ.s:1730   .debug_str:0000000000000052 .LASF31
     /tmp/ccDM5ddZ.s:1754   .debug_str:000000000000010d .LASF32
     /tmp/ccDM5ddZ.s:1746   .debug_str:00000000000000d5 .LASF33
     /tmp/ccDM5ddZ.s:1796   .debug_str:0000000000000302 .LASF34
     /tmp/ccDM5ddZ.s:1826   .debug_str:00000000000003ec .LASF35
     /tmp/ccDM5ddZ.s:1776   .debug_str:00000000000001b2 .LASF36
     /tmp/ccDM5ddZ.s:1738   .debug_str:0000000000000079 .LASF37
     /tmp/ccDM5ddZ.s:1780   .debug_str:0000000000000290 .LASF38
     /tmp/ccDM5ddZ.s:1804   .debug_str:0000000000000329 .LASF39
     /tmp/ccDM5ddZ.s:1818   .debug_str:00000000000003be .LASF41
     /tmp/ccDM5ddZ.s:1838   .debug_str:0000000000000440 .LASF55
GAS LISTING /tmp/ccDM5ddZ.s 			page 11


     /tmp/ccDM5ddZ.s:1740   .debug_str:0000000000000094 .LASF40
     /tmp/ccDM5ddZ.s:1742   .debug_str:00000000000000ac .LASF56
     /tmp/ccDM5ddZ.s:1772   .debug_str:0000000000000170 .LASF57
     /tmp/ccDM5ddZ.s:1734   .debug_str:000000000000006b .LASF58
     /tmp/ccDM5ddZ.s:1822   .debug_str:00000000000003d0 .LASF42
     /tmp/ccDM5ddZ.s:1774   .debug_str:000000000000019a .LASF59
     /tmp/ccDM5ddZ.s:1756   .debug_str:0000000000000112 .LASF60
     /tmp/ccDM5ddZ.s:1748   .debug_str:00000000000000da .LASF61
     /tmp/ccDM5ddZ.s:1760   .debug_str:0000000000000127 .LASF43
     /tmp/ccDM5ddZ.s:1820   .debug_str:00000000000003c6 .LASF44
     /tmp/ccDM5ddZ.s:1728   .debug_str:000000000000003a .LASF45
     /tmp/ccDM5ddZ.s:99     .text._ZN14PeriodicThreadD0Ev:0000000000000000 .LFB10
     /tmp/ccDM5ddZ.s:139    .text._ZN14PeriodicThreadD0Ev:000000000000004c .LFE10
     /tmp/ccDM5ddZ.s:1571   .debug_loc:0000000000000000 .LLST1
     /tmp/ccDM5ddZ.s:115    .text._ZN14PeriodicThreadD0Ev:0000000000000018 .LBB6
     /tmp/ccDM5ddZ.s:123    .text._ZN14PeriodicThreadD0Ev:000000000000002c .LBE6
     /tmp/ccDM5ddZ.s:1589   .debug_loc:000000000000004c .LLST2
     /tmp/ccDM5ddZ.s:121    .text._ZN14PeriodicThreadD0Ev:000000000000002c .LVL6
     /tmp/ccDM5ddZ.s:126    .text._ZN14PeriodicThreadD0Ev:0000000000000038 .LVL7
     /tmp/ccDM5ddZ.s:1836   .debug_str:0000000000000428 .LASF46
     /tmp/ccDM5ddZ.s:62     .text._ZN14PeriodicThreadD2Ev:0000000000000000 .LFB8
     /tmp/ccDM5ddZ.s:90     .text._ZN14PeriodicThreadD2Ev:0000000000000034 .LFE8
     /tmp/ccDM5ddZ.s:1600   .debug_loc:0000000000000082 .LLST0
     /tmp/ccDM5ddZ.s:79     .text._ZN14PeriodicThreadD2Ev:0000000000000024 .LVL3
     /tmp/ccDM5ddZ.s:258    .text:00000000000000ac .LFB6
     /tmp/ccDM5ddZ.s:279    .text:00000000000000c8 .LFE6
     /tmp/ccDM5ddZ.s:146    .text:0000000000000000 .LFB5
     /tmp/ccDM5ddZ.s:199    .text:0000000000000050 .LFE5
     /tmp/ccDM5ddZ.s:1614   .debug_loc:00000000000000bb .LLST3
     /tmp/ccDM5ddZ.s:1632   .debug_loc:0000000000000107 .LLST4
     /tmp/ccDM5ddZ.s:174    .text:0000000000000028 .LVL11
     /tmp/ccDM5ddZ.s:182    .text:0000000000000038 .LVL12
     /tmp/ccDM5ddZ.s:1782   .debug_str:000000000000029a .LASF47
     /tmp/ccDM5ddZ.s:205    .text:0000000000000050 .LFB3
     /tmp/ccDM5ddZ.s:250    .text:00000000000000ac .LFE3
     /tmp/ccDM5ddZ.s:1646   .debug_loc:0000000000000140 .LLST5
     /tmp/ccDM5ddZ.s:1664   .debug_loc:000000000000018c .LLST6
     /tmp/ccDM5ddZ.s:229    .text:0000000000000084 .LVL16
     /tmp/ccDM5ddZ.s:37     .text._ZN14PeriodicThread18periodicActivationEv:0000000000000000 .LFB1
     /tmp/ccDM5ddZ.s:55     .text._ZN14PeriodicThread18periodicActivationEv:0000000000000018 .LFE1
     /tmp/ccDM5ddZ.s:11     .text._ZN6Thread3runEv:0000000000000000 .LFB0
     /tmp/ccDM5ddZ.s:30     .text._ZN6Thread3runEv:0000000000000018 .LFE0
     /tmp/ccDM5ddZ.s:1832   .debug_str:0000000000000414 .LASF48
     /tmp/ccDM5ddZ.s:1794   .debug_str:00000000000002f2 .LASF50
     /tmp/ccDM5ddZ.s:1816   .debug_str:00000000000003ae .LASF49
     /tmp/ccDM5ddZ.s:1792   .debug_str:00000000000002e7 .LASF51
     /tmp/ccDM5ddZ.s:102    .text._ZN14PeriodicThreadD0Ev:0000000000000000 .LVL4
     /tmp/ccDM5ddZ.s:134    .text._ZN14PeriodicThreadD0Ev:0000000000000044 .LVL8
     /tmp/ccDM5ddZ.s:114    .text._ZN14PeriodicThreadD0Ev:0000000000000018 .LVL5
     /tmp/ccDM5ddZ.s:65     .text._ZN14PeriodicThreadD2Ev:0000000000000000 .LVL2
     /tmp/ccDM5ddZ.s:150    .text:0000000000000000 .LVL9
     /tmp/ccDM5ddZ.s:163    .text:0000000000000018 .LVL10
     /tmp/ccDM5ddZ.s:194    .text:0000000000000048 .LVL13
     /tmp/ccDM5ddZ.s:208    .text:0000000000000050 .LVL14
     /tmp/ccDM5ddZ.s:242    .text:00000000000000a0 .LVL17
     /tmp/ccDM5ddZ.s:227    .text:000000000000007c .LVL15
     /tmp/ccDM5ddZ.s:245    .text:00000000000000a4 .LVL18
GAS LISTING /tmp/ccDM5ddZ.s 			page 12


     /tmp/ccDM5ddZ.s:298    .debug_info:0000000000000000 .Ldebug_info0
     /tmp/ccDM5ddZ.s:5      .text:0000000000000000 .Ltext0
     /tmp/ccDM5ddZ.s:294    .text:00000000000000c8 .Letext0
                           .group:0000000000000000 _ZN14PeriodicThreadD5Ev

UNDEFINED SYMBOLS
_ZN6ThreadD2Ev
_ZdlPv
_Z10time_sleepm
_ZN6ThreadC2EPFvPvES0_
