GAS LISTING /tmp/cceQdT1u.s 			page 1


   1              		.file	"Semaphore.cpp"
   2              		.option pic
   3              		.option norelax
   4              		.text
   5              	.Ltext0:
   6              		.align	2
   7              		.globl	_ZN9SemaphoreD2Ev
   9              	_ZN9SemaphoreD2Ev:
  10              	.LFB6:
  11              		.file 1 "src/Semaphore.cpp"
   1:src/Semaphore.cpp **** //
   2:src/Semaphore.cpp **** // Created by os on 5/30/23.
   3:src/Semaphore.cpp **** //
   4:src/Semaphore.cpp **** #include "../h/syscall_cpp.hpp"
   5:src/Semaphore.cpp **** 
   6:src/Semaphore.cpp **** Semaphore::Semaphore(unsigned int init) {
   7:src/Semaphore.cpp ****     myHandle = nullptr;
   8:src/Semaphore.cpp ****     sem_open(&myHandle,init);
   9:src/Semaphore.cpp **** }
  10:src/Semaphore.cpp **** 
  11:src/Semaphore.cpp **** Semaphore::~Semaphore() {
  12              		.loc 1 11 1
  13              		.cfi_startproc
  14              		.cfi_personality 0x9b,DW.ref.__gxx_personality_v0
  15              		.cfi_lsda 0x1b,.LLSDA6
  16              	.LVL0:
  17 0000 130101FF 		addi	sp,sp,-16
  18              		.cfi_def_cfa_offset 16
  19 0004 23341100 		sd	ra,8(sp)
  20 0008 23308100 		sd	s0,0(sp)
  21              		.cfi_offset 1, -8
  22              		.cfi_offset 8, -16
  23 000c 13040101 		addi	s0,sp,16
  24              		.cfi_def_cfa 8, 0
  25              	.LBB2:
  26              		.loc 1 11 23 is_stmt 0
  27 0010 97070000 		lla	a5,_ZTV9Semaphore+16
  27      93870700 
  28 0018 2330F500 		sd	a5,0(a0)
  12:src/Semaphore.cpp ****     sem_close(myHandle);
  29              		.loc 1 12 5 is_stmt 1
  30              		.loc 1 12 14 is_stmt 0
  31 001c 03358500 		ld	a0,8(a0)
  32              	.LVL1:
  33 0020 97000000 		call	_Z9sem_closeP4_sem@plt
  33      E7800000 
  34              	.LVL2:
  35              	.LBE2:
  13:src/Semaphore.cpp **** }
  36              		.loc 1 13 1
  37 0028 83308100 		ld	ra,8(sp)
  38              		.cfi_restore 1
  39 002c 03340100 		ld	s0,0(sp)
  40              		.cfi_restore 8
  41              		.cfi_def_cfa 2, 16
  42 0030 13010101 		addi	sp,sp,16
  43              		.cfi_def_cfa_offset 0
GAS LISTING /tmp/cceQdT1u.s 			page 2


  44 0034 67800000 		jr	ra
  45              		.cfi_endproc
  46              	.LFE6:
  47              		.globl	__gxx_personality_v0
  48              		.section	.gcc_except_table,"a",@progbits
  49              	.LLSDA6:
  50 0000 FF       		.byte	0xff
  51 0001 FF       		.byte	0xff
  52 0002 03       		.byte	0x3
  53 0003 00       		.byte	0
  54              		.text
  56              		.globl	_ZN9SemaphoreD1Ev
  57              		.set	_ZN9SemaphoreD1Ev,_ZN9SemaphoreD2Ev
  58              		.align	2
  59              		.globl	_ZN9SemaphoreD0Ev
  61              	_ZN9SemaphoreD0Ev:
  62              	.LFB8:
  11:src/Semaphore.cpp ****     sem_close(myHandle);
  63              		.loc 1 11 1 is_stmt 1
  64              		.cfi_startproc
  65              	.LVL3:
  66 0038 130101FE 		addi	sp,sp,-32
  67              		.cfi_def_cfa_offset 32
  68 003c 233C1100 		sd	ra,24(sp)
  69 0040 23388100 		sd	s0,16(sp)
  70 0044 23349100 		sd	s1,8(sp)
  71              		.cfi_offset 1, -8
  72              		.cfi_offset 8, -16
  73              		.cfi_offset 9, -24
  74 0048 13040102 		addi	s0,sp,32
  75              		.cfi_def_cfa 8, 0
  76 004c 93040500 		mv	s1,a0
  77              		.loc 1 13 1 is_stmt 0
  78 0050 97000000 		call	_ZN9SemaphoreD1Ev
  78      E7800000 
  79              	.LVL4:
  80 0058 13850400 		mv	a0,s1
  81 005c 97000000 		call	_ZdlPv@plt
  81      E7800000 
  82              	.LVL5:
  83 0064 83308101 		ld	ra,24(sp)
  84              		.cfi_restore 1
  85 0068 03340101 		ld	s0,16(sp)
  86              		.cfi_restore 8
  87              		.cfi_def_cfa 2, 32
  88 006c 83348100 		ld	s1,8(sp)
  89              		.cfi_restore 9
  90              	.LVL6:
  91 0070 13010102 		addi	sp,sp,32
  92              		.cfi_def_cfa_offset 0
  93 0074 67800000 		jr	ra
  94              		.cfi_endproc
  95              	.LFE8:
  97              		.align	2
  98              		.globl	_ZN9SemaphoreC2Ej
 100              	_ZN9SemaphoreC2Ej:
 101              	.LFB3:
GAS LISTING /tmp/cceQdT1u.s 			page 3


   6:src/Semaphore.cpp ****     myHandle = nullptr;
 102              		.loc 1 6 1 is_stmt 1
 103              		.cfi_startproc
 104              	.LVL7:
 105 0078 130101FF 		addi	sp,sp,-16
 106              		.cfi_def_cfa_offset 16
 107 007c 23341100 		sd	ra,8(sp)
 108 0080 23308100 		sd	s0,0(sp)
 109              		.cfi_offset 1, -8
 110              		.cfi_offset 8, -16
 111 0084 13040101 		addi	s0,sp,16
 112              		.cfi_def_cfa 8, 0
 113              	.LBB3:
   6:src/Semaphore.cpp ****     myHandle = nullptr;
 114              		.loc 1 6 39 is_stmt 0
 115 0088 97070000 		lla	a5,_ZTV9Semaphore+16
 115      93870700 
 116 0090 2330F500 		sd	a5,0(a0)
   7:src/Semaphore.cpp ****     sem_open(&myHandle,init);
 117              		.loc 1 7 5 is_stmt 1
   7:src/Semaphore.cpp ****     sem_open(&myHandle,init);
 118              		.loc 1 7 14 is_stmt 0
 119 0094 23340500 		sd	zero,8(a0)
   8:src/Semaphore.cpp **** }
 120              		.loc 1 8 5 is_stmt 1
   8:src/Semaphore.cpp **** }
 121              		.loc 1 8 13 is_stmt 0
 122 0098 13058500 		addi	a0,a0,8
 123              	.LVL8:
 124 009c 97000000 		call	_Z8sem_openPP4_semj@plt
 124      E7800000 
 125              	.LVL9:
 126              	.LBE3:
   9:src/Semaphore.cpp **** 
 127              		.loc 1 9 1
 128 00a4 83308100 		ld	ra,8(sp)
 129              		.cfi_restore 1
 130 00a8 03340100 		ld	s0,0(sp)
 131              		.cfi_restore 8
 132              		.cfi_def_cfa 2, 16
 133 00ac 13010101 		addi	sp,sp,16
 134              		.cfi_def_cfa_offset 0
 135 00b0 67800000 		jr	ra
 136              		.cfi_endproc
 137              	.LFE3:
 139              		.globl	_ZN9SemaphoreC1Ej
 140              		.set	_ZN9SemaphoreC1Ej,_ZN9SemaphoreC2Ej
 141              		.align	2
 142              		.globl	_ZN9Semaphore4waitEv
 144              	_ZN9Semaphore4waitEv:
 145              	.LFB9:
  14:src/Semaphore.cpp **** 
  15:src/Semaphore.cpp **** int Semaphore::wait() {
 146              		.loc 1 15 23 is_stmt 1
 147              		.cfi_startproc
 148              	.LVL10:
 149 00b4 130101FF 		addi	sp,sp,-16
GAS LISTING /tmp/cceQdT1u.s 			page 4


 150              		.cfi_def_cfa_offset 16
 151 00b8 23341100 		sd	ra,8(sp)
 152 00bc 23308100 		sd	s0,0(sp)
 153              		.cfi_offset 1, -8
 154              		.cfi_offset 8, -16
 155 00c0 13040101 		addi	s0,sp,16
 156              		.cfi_def_cfa 8, 0
  16:src/Semaphore.cpp ****     return sem_wait(myHandle);
 157              		.loc 1 16 5
 158              		.loc 1 16 20 is_stmt 0
 159 00c4 03358500 		ld	a0,8(a0)
 160              	.LVL11:
 161 00c8 97000000 		call	_Z8sem_waitP4_sem@plt
 161      E7800000 
 162              	.LVL12:
  17:src/Semaphore.cpp **** }
 163              		.loc 1 17 1
 164 00d0 83308100 		ld	ra,8(sp)
 165              		.cfi_restore 1
 166 00d4 03340100 		ld	s0,0(sp)
 167              		.cfi_restore 8
 168              		.cfi_def_cfa 2, 16
 169 00d8 13010101 		addi	sp,sp,16
 170              		.cfi_def_cfa_offset 0
 171 00dc 67800000 		jr	ra
 172              		.cfi_endproc
 173              	.LFE9:
 175              		.align	2
 176              		.globl	_ZN9Semaphore6signalEv
 178              	_ZN9Semaphore6signalEv:
 179              	.LFB10:
  18:src/Semaphore.cpp **** 
  19:src/Semaphore.cpp **** int Semaphore::signal() {
 180              		.loc 1 19 25 is_stmt 1
 181              		.cfi_startproc
 182              	.LVL13:
 183 00e0 130101FF 		addi	sp,sp,-16
 184              		.cfi_def_cfa_offset 16
 185 00e4 23341100 		sd	ra,8(sp)
 186 00e8 23308100 		sd	s0,0(sp)
 187              		.cfi_offset 1, -8
 188              		.cfi_offset 8, -16
 189 00ec 13040101 		addi	s0,sp,16
 190              		.cfi_def_cfa 8, 0
  20:src/Semaphore.cpp ****     return sem_signal(myHandle);
 191              		.loc 1 20 5
 192              		.loc 1 20 22 is_stmt 0
 193 00f0 03358500 		ld	a0,8(a0)
 194              	.LVL14:
 195 00f4 97000000 		call	_Z10sem_signalP4_sem@plt
 195      E7800000 
 196              	.LVL15:
  21:src/Semaphore.cpp **** }
 197              		.loc 1 21 1
 198 00fc 83308100 		ld	ra,8(sp)
 199              		.cfi_restore 1
 200 0100 03340100 		ld	s0,0(sp)
GAS LISTING /tmp/cceQdT1u.s 			page 5


 201              		.cfi_restore 8
 202              		.cfi_def_cfa 2, 16
 203 0104 13010101 		addi	sp,sp,16
 204              		.cfi_def_cfa_offset 0
 205 0108 67800000 		jr	ra
 206              		.cfi_endproc
 207              	.LFE10:
 209              		.weak	_ZTV9Semaphore
 210              		.section	.data.rel.ro.local._ZTV9Semaphore,"awG",@progbits,_ZTV9Semaphore,comdat
 211              		.align	3
 214              	_ZTV9Semaphore:
 215 0000 00000000 		.dword	0
 215      00000000 
 216 0008 00000000 		.dword	0
 216      00000000 
 217 0010 00000000 		.dword	_ZN9SemaphoreD1Ev
 217      00000000 
 218 0018 00000000 		.dword	_ZN9SemaphoreD0Ev
 218      00000000 
 219              		.text
 220              	.Letext0:
 221              		.file 2 "src/../h/../lib/hw.h"
 222              		.file 3 "src/../h/syscall_c.h"
 223              		.file 4 "src/../h/syscall_cpp.hpp"
 1530              		.align	3
 1533              	DW.ref.__gxx_personality_v0:
 1534 0000 00000000 		.dword	__gxx_personality_v0
 1534      00000000 
 1535              		.ident	"GCC: (Ubuntu 9.4.0-1ubuntu1~20.04) 9.4.0"
 1536              		.section	.note.GNU-stack,"",@progbits
GAS LISTING /tmp/cceQdT1u.s 			page 6


DEFINED SYMBOLS
                            *ABS*:0000000000000000 Semaphore.cpp
     /tmp/cceQdT1u.s:9      .text:0000000000000000 _ZN9SemaphoreD2Ev
     /tmp/cceQdT1u.s:13     .text:0000000000000000 .L0 
     /tmp/cceQdT1u.s:1533   .data.rel.local.DW.ref.__gxx_personality_v0:0000000000000000 DW.ref.__gxx_personality_v0
     /tmp/cceQdT1u.s:17     .text:0000000000000000 .L0 
     /tmp/cceQdT1u.s:18     .text:0000000000000004 .L0 
     /tmp/cceQdT1u.s:21     .text:000000000000000c .L0 
     /tmp/cceQdT1u.s:22     .text:000000000000000c .L0 
     /tmp/cceQdT1u.s:24     .text:0000000000000010 .L0 
     /tmp/cceQdT1u.s:214    .data.rel.ro.local._ZTV9Semaphore:0000000000000000 _ZTV9Semaphore
     /tmp/cceQdT1u.s:27     .text:0000000000000010 .L0 
     /tmp/cceQdT1u.s:30     .text:000000000000001c .L0 
     /tmp/cceQdT1u.s:31     .text:000000000000001c .L0 
     /tmp/cceQdT1u.s:37     .text:0000000000000028 .L0 
     /tmp/cceQdT1u.s:38     .text:000000000000002c .L0 
     /tmp/cceQdT1u.s:40     .text:0000000000000030 .L0 
     /tmp/cceQdT1u.s:41     .text:0000000000000030 .L0 
     /tmp/cceQdT1u.s:43     .text:0000000000000034 .L0 
     /tmp/cceQdT1u.s:45     .text:0000000000000038 .L0 
     /tmp/cceQdT1u.s:9      .text:0000000000000000 _ZN9SemaphoreD1Ev
     /tmp/cceQdT1u.s:61     .text:0000000000000038 _ZN9SemaphoreD0Ev
     /tmp/cceQdT1u.s:64     .text:0000000000000038 .L0 
     /tmp/cceQdT1u.s:66     .text:0000000000000038 .L0 
     /tmp/cceQdT1u.s:67     .text:000000000000003c .L0 
     /tmp/cceQdT1u.s:71     .text:0000000000000048 .L0 
     /tmp/cceQdT1u.s:72     .text:0000000000000048 .L0 
     /tmp/cceQdT1u.s:73     .text:0000000000000048 .L0 
     /tmp/cceQdT1u.s:75     .text:000000000000004c .L0 
     /tmp/cceQdT1u.s:78     .text:0000000000000050 .L0 
     /tmp/cceQdT1u.s:84     .text:0000000000000068 .L0 
     /tmp/cceQdT1u.s:86     .text:000000000000006c .L0 
     /tmp/cceQdT1u.s:87     .text:000000000000006c .L0 
     /tmp/cceQdT1u.s:89     .text:0000000000000070 .L0 
     /tmp/cceQdT1u.s:92     .text:0000000000000074 .L0 
     /tmp/cceQdT1u.s:94     .text:0000000000000078 .L0 
     /tmp/cceQdT1u.s:100    .text:0000000000000078 _ZN9SemaphoreC2Ej
     /tmp/cceQdT1u.s:103    .text:0000000000000078 .L0 
     /tmp/cceQdT1u.s:105    .text:0000000000000078 .L0 
     /tmp/cceQdT1u.s:106    .text:000000000000007c .L0 
     /tmp/cceQdT1u.s:109    .text:0000000000000084 .L0 
     /tmp/cceQdT1u.s:110    .text:0000000000000084 .L0 
     /tmp/cceQdT1u.s:112    .text:0000000000000088 .L0 
     /tmp/cceQdT1u.s:115    .text:0000000000000088 .L0 
     /tmp/cceQdT1u.s:118    .text:0000000000000094 .L0 
     /tmp/cceQdT1u.s:119    .text:0000000000000094 .L0 
     /tmp/cceQdT1u.s:121    .text:0000000000000098 .L0 
     /tmp/cceQdT1u.s:122    .text:0000000000000098 .L0 
     /tmp/cceQdT1u.s:128    .text:00000000000000a4 .L0 
     /tmp/cceQdT1u.s:129    .text:00000000000000a8 .L0 
     /tmp/cceQdT1u.s:131    .text:00000000000000ac .L0 
     /tmp/cceQdT1u.s:132    .text:00000000000000ac .L0 
     /tmp/cceQdT1u.s:134    .text:00000000000000b0 .L0 
     /tmp/cceQdT1u.s:136    .text:00000000000000b4 .L0 
     /tmp/cceQdT1u.s:100    .text:0000000000000078 _ZN9SemaphoreC1Ej
     /tmp/cceQdT1u.s:144    .text:00000000000000b4 _ZN9Semaphore4waitEv
     /tmp/cceQdT1u.s:147    .text:00000000000000b4 .L0 
GAS LISTING /tmp/cceQdT1u.s 			page 7


     /tmp/cceQdT1u.s:149    .text:00000000000000b4 .L0 
     /tmp/cceQdT1u.s:150    .text:00000000000000b8 .L0 
     /tmp/cceQdT1u.s:153    .text:00000000000000c0 .L0 
     /tmp/cceQdT1u.s:154    .text:00000000000000c0 .L0 
     /tmp/cceQdT1u.s:156    .text:00000000000000c4 .L0 
     /tmp/cceQdT1u.s:158    .text:00000000000000c4 .L0 
     /tmp/cceQdT1u.s:159    .text:00000000000000c4 .L0 
     /tmp/cceQdT1u.s:164    .text:00000000000000d0 .L0 
     /tmp/cceQdT1u.s:165    .text:00000000000000d4 .L0 
     /tmp/cceQdT1u.s:167    .text:00000000000000d8 .L0 
     /tmp/cceQdT1u.s:168    .text:00000000000000d8 .L0 
     /tmp/cceQdT1u.s:170    .text:00000000000000dc .L0 
     /tmp/cceQdT1u.s:172    .text:00000000000000e0 .L0 
     /tmp/cceQdT1u.s:178    .text:00000000000000e0 _ZN9Semaphore6signalEv
     /tmp/cceQdT1u.s:181    .text:00000000000000e0 .L0 
     /tmp/cceQdT1u.s:183    .text:00000000000000e0 .L0 
     /tmp/cceQdT1u.s:184    .text:00000000000000e4 .L0 
     /tmp/cceQdT1u.s:187    .text:00000000000000ec .L0 
     /tmp/cceQdT1u.s:188    .text:00000000000000ec .L0 
     /tmp/cceQdT1u.s:190    .text:00000000000000f0 .L0 
     /tmp/cceQdT1u.s:192    .text:00000000000000f0 .L0 
     /tmp/cceQdT1u.s:193    .text:00000000000000f0 .L0 
     /tmp/cceQdT1u.s:198    .text:00000000000000fc .L0 
     /tmp/cceQdT1u.s:199    .text:0000000000000100 .L0 
     /tmp/cceQdT1u.s:201    .text:0000000000000104 .L0 
     /tmp/cceQdT1u.s:202    .text:0000000000000104 .L0 
     /tmp/cceQdT1u.s:204    .text:0000000000000108 .L0 
     /tmp/cceQdT1u.s:206    .text:000000000000010c .L0 
     /tmp/cceQdT1u.s:224    .text:000000000000010c .L0 
     /tmp/cceQdT1u.s:27     .text:0000000000000010 .L0 
     /tmp/cceQdT1u.s:115    .text:0000000000000088 .L0 
     /tmp/cceQdT1u.s:765    .debug_abbrev:0000000000000000 .Ldebug_abbrev0
     /tmp/cceQdT1u.s:1461   .debug_str:00000000000001c4 .LASF54
     /tmp/cceQdT1u.s:1491   .debug_str:0000000000000351 .LASF55
     /tmp/cceQdT1u.s:1417   .debug_str:0000000000000094 .LASF56
     /tmp/cceQdT1u.s:5      .text:0000000000000000 .Ltext0
     /tmp/cceQdT1u.s:220    .text:000000000000010c .Letext0
     /tmp/cceQdT1u.s:1391   .debug_line:0000000000000000 .Ldebug_line0
     /tmp/cceQdT1u.s:1473   .debug_str:00000000000002d9 .LASF0
     /tmp/cceQdT1u.s:1451   .debug_str:000000000000017d .LASF1
     /tmp/cceQdT1u.s:1437   .debug_str:0000000000000128 .LASF2
     /tmp/cceQdT1u.s:1411   .debug_str:0000000000000066 .LASF4
     /tmp/cceQdT1u.s:1447   .debug_str:0000000000000162 .LASF3
     /tmp/cceQdT1u.s:1397   .debug_str:000000000000001c .LASF5
     /tmp/cceQdT1u.s:1395   .debug_str:0000000000000009 .LASF6
     /tmp/cceQdT1u.s:1427   .debug_str:00000000000000ec .LASF7
     /tmp/cceQdT1u.s:1485   .debug_str:000000000000031b .LASF8
     /tmp/cceQdT1u.s:1409   .debug_str:0000000000000058 .LASF9
     /tmp/cceQdT1u.s:1525   .debug_str:0000000000000433 .LASF10
     /tmp/cceQdT1u.s:1431   .debug_str:000000000000010f .LASF11
     /tmp/cceQdT1u.s:1511   .debug_str:00000000000003d4 .LASF12
     /tmp/cceQdT1u.s:1489   .debug_str:0000000000000341 .LASF13
     /tmp/cceQdT1u.s:1453   .debug_str:0000000000000190 .LASF14
     /tmp/cceQdT1u.s:1421   .debug_str:00000000000000bc .LASF15
     /tmp/cceQdT1u.s:1487   .debug_str:000000000000032b .LASF16
     /tmp/cceQdT1u.s:1455   .debug_str:000000000000019c .LASF17
     /tmp/cceQdT1u.s:1509   .debug_str:00000000000003cb .LASF18
GAS LISTING /tmp/cceQdT1u.s 			page 8


     /tmp/cceQdT1u.s:1465   .debug_str:000000000000029f .LASF19
     /tmp/cceQdT1u.s:1505   .debug_str:00000000000003ad .LASF20
     /tmp/cceQdT1u.s:1493   .debug_str:0000000000000363 .LASF21
     /tmp/cceQdT1u.s:1495   .debug_str:0000000000000373 .LASF22
     /tmp/cceQdT1u.s:1515   .debug_str:00000000000003eb .LASF23
     /tmp/cceQdT1u.s:1467   .debug_str:00000000000002ad .LASF24
     /tmp/cceQdT1u.s:1471   .debug_str:00000000000002cb .LASF25
     /tmp/cceQdT1u.s:1401   .debug_str:0000000000000035 .LASF26
     /tmp/cceQdT1u.s:1483   .debug_str:0000000000000316 .LASF57
     /tmp/cceQdT1u.s:1393   .debug_str:0000000000000000 .LASF27
     /tmp/cceQdT1u.s:1523   .debug_str:0000000000000429 .LASF28
     /tmp/cceQdT1u.s:1449   .debug_str:0000000000000174 .LASF29
     /tmp/cceQdT1u.s:1481   .debug_str:000000000000030b .LASF30
     /tmp/cceQdT1u.s:1403   .debug_str:000000000000003b .LASF31
     /tmp/cceQdT1u.s:1433   .debug_str:000000000000011e .LASF32
     /tmp/cceQdT1u.s:1425   .debug_str:00000000000000e7 .LASF33
     /tmp/cceQdT1u.s:1479   .debug_str:0000000000000306 .LASF34
     /tmp/cceQdT1u.s:1517   .debug_str:00000000000003f8 .LASF58
     /tmp/cceQdT1u.s:1415   .debug_str:000000000000007f .LASF59
     /tmp/cceQdT1u.s:1429   .debug_str:00000000000000ff .LASF60
     /tmp/cceQdT1u.s:1413   .debug_str:000000000000006d .LASF61
     /tmp/cceQdT1u.s:1405   .debug_str:0000000000000046 .LASF62
     /tmp/cceQdT1u.s:1519   .debug_str:0000000000000402 .LASF63
     /tmp/cceQdT1u.s:1435   .debug_str:0000000000000123 .LASF35
     /tmp/cceQdT1u.s:1423   .debug_str:00000000000000d2 .LASF37
     /tmp/cceQdT1u.s:1407   .debug_str:0000000000000051 .LASF36
     /tmp/cceQdT1u.s:1463   .debug_str:0000000000000288 .LASF38
     /tmp/cceQdT1u.s:1497   .debug_str:000000000000037f .LASF64
     /tmp/cceQdT1u.s:1475   .debug_str:00000000000002e6 .LASF65
     /tmp/cceQdT1u.s:179    .text:00000000000000e0 .LFB10
     /tmp/cceQdT1u.s:207    .text:000000000000010c .LFE10
     /tmp/cceQdT1u.s:1439   .debug_str:0000000000000136 .LASF39
     /tmp/cceQdT1u.s:1284   .debug_loc:0000000000000000 .LLST5
     /tmp/cceQdT1u.s:196    .text:00000000000000fc .LVL15
     /tmp/cceQdT1u.s:145    .text:00000000000000b4 .LFB9
     /tmp/cceQdT1u.s:173    .text:00000000000000e0 .LFE9
     /tmp/cceQdT1u.s:1298   .debug_loc:0000000000000039 .LLST4
     /tmp/cceQdT1u.s:162    .text:00000000000000d0 .LVL12
     /tmp/cceQdT1u.s:1501   .debug_str:000000000000039a .LASF40
     /tmp/cceQdT1u.s:1469   .debug_str:00000000000002b9 .LASF41
     /tmp/cceQdT1u.s:62     .text:0000000000000038 .LFB8
     /tmp/cceQdT1u.s:95     .text:0000000000000078 .LFE8
     /tmp/cceQdT1u.s:1312   .debug_loc:0000000000000072 .LLST1
     /tmp/cceQdT1u.s:79     .text:0000000000000058 .LVL4
     /tmp/cceQdT1u.s:82     .text:0000000000000064 .LVL5
     /tmp/cceQdT1u.s:1507   .debug_str:00000000000003b9 .LASF42
     /tmp/cceQdT1u.s:10     .text:0000000000000000 .LFB6
     /tmp/cceQdT1u.s:46     .text:0000000000000038 .LFE6
     /tmp/cceQdT1u.s:1330   .debug_loc:00000000000000be .LLST0
     /tmp/cceQdT1u.s:34     .text:0000000000000028 .LVL2
     /tmp/cceQdT1u.s:1419   .debug_str:00000000000000b7 .LASF66
     /tmp/cceQdT1u.s:1499   .debug_str:0000000000000388 .LASF43
     /tmp/cceQdT1u.s:101    .text:0000000000000078 .LFB3
     /tmp/cceQdT1u.s:137    .text:00000000000000b4 .LFE3
     /tmp/cceQdT1u.s:1344   .debug_loc:00000000000000f7 .LLST2
     /tmp/cceQdT1u.s:1364   .debug_loc:0000000000000145 .LLST3
     /tmp/cceQdT1u.s:125    .text:00000000000000a4 .LVL9
GAS LISTING /tmp/cceQdT1u.s 			page 9


     /tmp/cceQdT1u.s:1521   .debug_str:0000000000000414 .LASF44
     /tmp/cceQdT1u.s:1457   .debug_str:00000000000001a6 .LASF46
     /tmp/cceQdT1u.s:1399   .debug_str:0000000000000023 .LASF45
     /tmp/cceQdT1u.s:1441   .debug_str:000000000000013b .LASF47
     /tmp/cceQdT1u.s:1513   .debug_str:00000000000003e4 .LASF48
     /tmp/cceQdT1u.s:1477   .debug_str:00000000000002f6 .LASF49
     /tmp/cceQdT1u.s:1459   .debug_str:00000000000001b1 .LASF50
     /tmp/cceQdT1u.s:1445   .debug_str:0000000000000158 .LASF51
     /tmp/cceQdT1u.s:1443   .debug_str:0000000000000144 .LASF52
     /tmp/cceQdT1u.s:1503   .debug_str:00000000000003a4 .LASF53
     /tmp/cceQdT1u.s:182    .text:00000000000000e0 .LVL13
     /tmp/cceQdT1u.s:194    .text:00000000000000f4 .LVL14
     /tmp/cceQdT1u.s:148    .text:00000000000000b4 .LVL10
     /tmp/cceQdT1u.s:160    .text:00000000000000c8 .LVL11
     /tmp/cceQdT1u.s:65     .text:0000000000000038 .LVL3
     /tmp/cceQdT1u.s:90     .text:0000000000000070 .LVL6
     /tmp/cceQdT1u.s:16     .text:0000000000000000 .LVL0
     /tmp/cceQdT1u.s:32     .text:0000000000000020 .LVL1
     /tmp/cceQdT1u.s:104    .text:0000000000000078 .LVL7
     /tmp/cceQdT1u.s:123    .text:000000000000009c .LVL8
     /tmp/cceQdT1u.s:225    .debug_info:0000000000000000 .Ldebug_info0
     /tmp/cceQdT1u.s:49     .gcc_except_table:0000000000000000 .LLSDA6

UNDEFINED SYMBOLS
_Z9sem_closeP4_sem
__gxx_personality_v0
_ZdlPv
_Z8sem_openPP4_semj
_Z8sem_waitP4_sem
_Z10sem_signalP4_sem
